The target system is: Android - 1 - aarch64
The host system is: Darwin - 19.6.0 - x86_64
Compiling the C compiler identification source file "CMakeCCompilerId.c" succeeded.
Compiler: /Users/unkonow/Library/Android/sdk/ndk/android-ndk-r19c/toolchains/llvm/prebuilt/darwin-x86_64/bin/clang 
Build flags: -fexceptions;-gcc-toolchain;/Users/unkonow/Library/Android/sdk/ndk/android-ndk-r19c/toolchains/aarch64-linux-android-4.9/prebuilt/darwin-x86_64;-target;aarch64-none-linux-android;-Qunused-arguments;--sysroot=/Users/unkonow/Library/Android/sdk/ndk/android-ndk-r19c/platforms/android-21/arch-arm64;-funwind-tables;-fsigned-char;-no-canonical-prefixes;-nostdlib++;-Xclang;-mnoexecstack;
Id flags:  

The output was:
0


Compilation of the C compiler identification source "CMakeCCompilerId.c" produced "a.out"

The C compiler identification is Clang, found in "/Users/unkonow/Scade/testtttt/.build/android-arm64-v8a/CMakeFiles/3.15.1/CompilerIdC/a.out"

Compiling the CXX compiler identification source file "CMakeCXXCompilerId.cpp" succeeded.
Compiler: /Users/unkonow/Library/Android/sdk/ndk/android-ndk-r19c/toolchains/llvm/prebuilt/darwin-x86_64/bin/clang++ 
Build flags: -fexceptions;-frtti;-gcc-toolchain;/Users/unkonow/Library/Android/sdk/ndk/android-ndk-r19c/toolchains/aarch64-linux-android-4.9/prebuilt/darwin-x86_64;-target;aarch64-none-linux-android;-Qunused-arguments;--sysroot=/Users/unkonow/Library/Android/sdk/ndk/android-ndk-r19c/platforms/android-21/arch-arm64;-funwind-tables;-fsigned-char;-no-canonical-prefixes;-nostdlib++;-Xclang;-mnoexecstack;;-I/Users/unkonow/Library/Android/sdk/ndk/android-ndk-r19c/sources/cxx-stl/llvm-libc++/include;-I/Users/unkonow/Library/Android/sdk/ndk/android-ndk-r19c/sources/cxx-stl/llvm-libc++abi/include
Id flags:  

The output was:
0


Compilation of the CXX compiler identification source "CMakeCXXCompilerId.cpp" produced "a.out"

The CXX compiler identification is Clang, found in "/Users/unkonow/Scade/testtttt/.build/android-arm64-v8a/CMakeFiles/3.15.1/CompilerIdCXX/a.out"

Determining if the C compiler works passed with the following output:
Change Dir: /Users/unkonow/Scade/testtttt/.build/android-arm64-v8a/CMakeFiles/CMakeTmp

Run Build Command(s):make cmTC_0e534/fast && /Applications/Xcode.app/Contents/Developer/usr/bin/make -f CMakeFiles/cmTC_0e534.dir/build.make CMakeFiles/cmTC_0e534.dir/build
Building C object CMakeFiles/cmTC_0e534.dir/testCCompiler.c.o
/Users/unkonow/Library/Android/sdk/ndk/android-ndk-r19c/toolchains/llvm/prebuilt/darwin-x86_64/bin/clang   -fexceptions -gcc-toolchain /Users/unkonow/Library/Android/sdk/ndk/android-ndk-r19c/toolchains/aarch64-linux-android-4.9/prebuilt/darwin-x86_64 -target aarch64-none-linux-android -Qunused-arguments --sysroot=/Users/unkonow/Library/Android/sdk/ndk/android-ndk-r19c/platforms/android-21/arch-arm64 -funwind-tables -fsigned-char -no-canonical-prefixes -nostdlib++ -Xclang -mnoexecstack   -fPIE   -o CMakeFiles/cmTC_0e534.dir/testCCompiler.c.o   -c /Users/unkonow/Scade/testtttt/.build/android-arm64-v8a/CMakeFiles/CMakeTmp/testCCompiler.c
Linking C executable cmTC_0e534
/Users/unkonow/Scade/.metadata/.plugins/com.scade.sdk.toolchain.latest/Toolchain/thirdparty/CMake.app/Contents/bin/cmake -E cmake_link_script CMakeFiles/cmTC_0e534.dir/link.txt --verbose=1
/Users/unkonow/Library/Android/sdk/ndk/android-ndk-r19c/toolchains/llvm/prebuilt/darwin-x86_64/bin/clang -fexceptions -gcc-toolchain /Users/unkonow/Library/Android/sdk/ndk/android-ndk-r19c/toolchains/aarch64-linux-android-4.9/prebuilt/darwin-x86_64 -target aarch64-none-linux-android -Qunused-arguments --sysroot=/Users/unkonow/Library/Android/sdk/ndk/android-ndk-r19c/platforms/android-21/arch-arm64 -funwind-tables -fsigned-char -no-canonical-prefixes -nostdlib++ -Xclang -mnoexecstack      CMakeFiles/cmTC_0e534.dir/testCCompiler.c.o  -o cmTC_0e534 



Detecting C compiler ABI info compiled with the following output:
Change Dir: /Users/unkonow/Scade/testtttt/.build/android-arm64-v8a/CMakeFiles/CMakeTmp

Run Build Command(s):make cmTC_02380/fast && /Applications/Xcode.app/Contents/Developer/usr/bin/make -f CMakeFiles/cmTC_02380.dir/build.make CMakeFiles/cmTC_02380.dir/build
Building C object CMakeFiles/cmTC_02380.dir/CMakeCCompilerABI.c.o
/Users/unkonow/Library/Android/sdk/ndk/android-ndk-r19c/toolchains/llvm/prebuilt/darwin-x86_64/bin/clang   -fexceptions -gcc-toolchain /Users/unkonow/Library/Android/sdk/ndk/android-ndk-r19c/toolchains/aarch64-linux-android-4.9/prebuilt/darwin-x86_64 -target aarch64-none-linux-android -Qunused-arguments --sysroot=/Users/unkonow/Library/Android/sdk/ndk/android-ndk-r19c/platforms/android-21/arch-arm64 -funwind-tables -fsigned-char -no-canonical-prefixes -nostdlib++ -Xclang -mnoexecstack   -fPIE   -v -o CMakeFiles/cmTC_02380.dir/CMakeCCompilerABI.c.o   -c /Users/unkonow/Scade/.metadata/.plugins/com.scade.sdk.toolchain.latest/Toolchain/thirdparty/CMake.app/Contents/share/cmake-3.15/Modules/CMakeCCompilerABI.c
Android (5058415 based on r339409) clang version 8.0.2 (https://android.googlesource.com/toolchain/clang 40173bab62ec746213857d083c0e8b0abb568790) (https://android.googlesource.com/toolchain/llvm 7a6618d69e7e8111e1d49dc9e7813767c5ca756a) (based on LLVM 8.0.2svn)
Target: aarch64-none-linux-android
Thread model: posix
InstalledDir: /Users/unkonow/Library/Android/sdk/ndk/android-ndk-r19c/toolchains/llvm/prebuilt/darwin-x86_64/bin
Found candidate GCC installation: /Users/unkonow/Library/Android/sdk/ndk/android-ndk-r19c/toolchains/aarch64-linux-android-4.9/prebuilt/darwin-x86_64/lib/gcc/aarch64-linux-android/4.9.x
Selected GCC installation: /Users/unkonow/Library/Android/sdk/ndk/android-ndk-r19c/toolchains/aarch64-linux-android-4.9/prebuilt/darwin-x86_64/lib/gcc/aarch64-linux-android/4.9.x
Candidate multilib: .;@m64
Selected multilib: .;@m64
 "/Users/unkonow/Library/Android/sdk/ndk/android-ndk-r19c/toolchains/llvm/prebuilt/darwin-x86_64/bin/clang" -cc1 -triple aarch64-none-linux-android -emit-obj -mrelax-all -disable-free -disable-llvm-verifier -discard-value-names -main-file-name CMakeCCompilerABI.c -mrelocation-model pic -pic-level 2 -pic-is-pie -mthread-model posix -mdisable-fp-elim -fmath-errno -masm-verbose -mconstructor-aliases -munwind-tables -fuse-init-array -target-cpu generic -target-feature +neon -target-abi aapcs -mllvm -aarch64-fix-cortex-a53-835769=1 -fallow-half-arguments-and-returns -dwarf-column-info -debugger-tuning=gdb -target-linker-version 241.9 -v -coverage-notes-file /Users/unkonow/Scade/testtttt/.build/android-arm64-v8a/CMakeFiles/CMakeTmp/CMakeFiles/cmTC_02380.dir/CMakeCCompilerABI.c.gcno -resource-dir /Users/unkonow/Library/Android/sdk/ndk/android-ndk-r19c/toolchains/llvm/prebuilt/darwin-x86_64/lib64/clang/8.0.2 -isysroot /Users/unkonow/Library/Android/sdk/ndk/android-ndk-r19c/platforms/android-21/arch-arm64 -internal-isystem /Users/unkonow/Library/Android/sdk/ndk/android-ndk-r19c/platforms/android-21/arch-arm64/usr/local/include -internal-isystem /Users/unkonow/Library/Android/sdk/ndk/android-ndk-r19c/toolchains/llvm/prebuilt/darwin-x86_64/lib64/clang/8.0.2/include -internal-externc-isystem /Users/unkonow/Library/Android/sdk/ndk/android-ndk-r19c/platforms/android-21/arch-arm64/include -internal-externc-isystem /Users/unkonow/Library/Android/sdk/ndk/android-ndk-r19c/platforms/android-21/arch-arm64/usr/include -fdebug-compilation-dir /Users/unkonow/Scade/testtttt/.build/android-arm64-v8a/CMakeFiles/CMakeTmp -ferror-limit 19 -fmessage-length 0 -fobjc-runtime=gcc -fexceptions -fdiagnostics-show-option -mnoexecstack -o CMakeFiles/cmTC_02380.dir/CMakeCCompilerABI.c.o -x c /Users/unkonow/Scade/.metadata/.plugins/com.scade.sdk.toolchain.latest/Toolchain/thirdparty/CMake.app/Contents/share/cmake-3.15/Modules/CMakeCCompilerABI.c -faddrsig
clang -cc1 version 8.0.2 based upon LLVM 8.0.2svn default target x86_64-apple-darwin19.6.0
ignoring nonexistent directory "/Users/unkonow/Library/Android/sdk/ndk/android-ndk-r19c/platforms/android-21/arch-arm64/usr/local/include"
ignoring nonexistent directory "/Users/unkonow/Library/Android/sdk/ndk/android-ndk-r19c/platforms/android-21/arch-arm64/include"
ignoring nonexistent directory "/Users/unkonow/Library/Android/sdk/ndk/android-ndk-r19c/platforms/android-21/arch-arm64/usr/include"
#include "..." search starts here:
#include <...> search starts here:
 /Users/unkonow/Library/Android/sdk/ndk/android-ndk-r19c/toolchains/llvm/prebuilt/darwin-x86_64/lib64/clang/8.0.2/include
End of search list.
Linking C executable cmTC_02380
/Users/unkonow/Scade/.metadata/.plugins/com.scade.sdk.toolchain.latest/Toolchain/thirdparty/CMake.app/Contents/bin/cmake -E cmake_link_script CMakeFiles/cmTC_02380.dir/link.txt --verbose=1
/Users/unkonow/Library/Android/sdk/ndk/android-ndk-r19c/toolchains/llvm/prebuilt/darwin-x86_64/bin/clang -fexceptions -gcc-toolchain /Users/unkonow/Library/Android/sdk/ndk/android-ndk-r19c/toolchains/aarch64-linux-android-4.9/prebuilt/darwin-x86_64 -target aarch64-none-linux-android -Qunused-arguments --sysroot=/Users/unkonow/Library/Android/sdk/ndk/android-ndk-r19c/platforms/android-21/arch-arm64 -funwind-tables -fsigned-char -no-canonical-prefixes -nostdlib++ -Xclang -mnoexecstack     -v CMakeFiles/cmTC_02380.dir/CMakeCCompilerABI.c.o  -o cmTC_02380 
Android (5058415 based on r339409) clang version 8.0.2 (https://android.googlesource.com/toolchain/clang 40173bab62ec746213857d083c0e8b0abb568790) (https://android.googlesource.com/toolchain/llvm 7a6618d69e7e8111e1d49dc9e7813767c5ca756a) (based on LLVM 8.0.2svn)
Target: aarch64-none-linux-android
Thread model: posix
InstalledDir: /Users/unkonow/Library/Android/sdk/ndk/android-ndk-r19c/toolchains/llvm/prebuilt/darwin-x86_64/bin
Found candidate GCC installation: /Users/unkonow/Library/Android/sdk/ndk/android-ndk-r19c/toolchains/aarch64-linux-android-4.9/prebuilt/darwin-x86_64/lib/gcc/aarch64-linux-android/4.9.x
Selected GCC installation: /Users/unkonow/Library/Android/sdk/ndk/android-ndk-r19c/toolchains/aarch64-linux-android-4.9/prebuilt/darwin-x86_64/lib/gcc/aarch64-linux-android/4.9.x
Candidate multilib: .;@m64
Selected multilib: .;@m64
 "/Users/unkonow/Library/Android/sdk/ndk/android-ndk-r19c/toolchains/aarch64-linux-android-4.9/prebuilt/darwin-x86_64/lib/gcc/aarch64-linux-android/4.9.x/../../../../aarch64-linux-android/bin/ld" --sysroot=/Users/unkonow/Library/Android/sdk/ndk/android-ndk-r19c/platforms/android-21/arch-arm64 -pie --fix-cortex-a53-843419 --enable-new-dtags --eh-frame-hdr -m aarch64linux -dynamic-linker /system/bin/linker64 -o cmTC_02380 /Users/unkonow/Library/Android/sdk/ndk/android-ndk-r19c/platforms/android-21/arch-arm64/usr/lib/crtbegin_dynamic.o -L/Users/unkonow/Library/Android/sdk/ndk/android-ndk-r19c/toolchains/llvm/prebuilt/darwin-x86_64/lib64/clang/8.0.2/lib/linux/aarch64 -L/Users/unkonow/Library/Android/sdk/ndk/android-ndk-r19c/toolchains/aarch64-linux-android-4.9/prebuilt/darwin-x86_64/lib/gcc/aarch64-linux-android/4.9.x -L/Users/unkonow/Library/Android/sdk/ndk/android-ndk-r19c/toolchains/aarch64-linux-android-4.9/prebuilt/darwin-x86_64/lib/gcc/aarch64-linux-android/4.9.x/../../../../aarch64-linux-android/lib/../lib64 -L/Users/unkonow/Library/Android/sdk/ndk/android-ndk-r19c/toolchains/aarch64-linux-android-4.9/prebuilt/darwin-x86_64/lib/gcc/aarch64-linux-android/4.9.x/../../../../aarch64-linux-android/lib -L/Users/unkonow/Library/Android/sdk/ndk/android-ndk-r19c/platforms/android-21/arch-arm64/usr/lib CMakeFiles/cmTC_02380.dir/CMakeCCompilerABI.c.o -lgcc -ldl -lc -lgcc -ldl /Users/unkonow/Library/Android/sdk/ndk/android-ndk-r19c/platforms/android-21/arch-arm64/usr/lib/crtend_android.o



Parsed C implicit include dir info from above output: rv=done
  found start of include info
  found start of implicit include info
    add: [/Users/unkonow/Library/Android/sdk/ndk/android-ndk-r19c/toolchains/llvm/prebuilt/darwin-x86_64/lib64/clang/8.0.2/include]
  end of search list found
  collapse include dir [/Users/unkonow/Library/Android/sdk/ndk/android-ndk-r19c/toolchains/llvm/prebuilt/darwin-x86_64/lib64/clang/8.0.2/include] ==> [/Users/unkonow/Library/Android/sdk/ndk/android-ndk-r19c/toolchains/llvm/prebuilt/darwin-x86_64/lib64/clang/8.0.2/include]
  implicit include dirs: [/Users/unkonow/Library/Android/sdk/ndk/android-ndk-r19c/toolchains/llvm/prebuilt/darwin-x86_64/lib64/clang/8.0.2/include]


Parsed C implicit link information from above output:
  link line regex: [^( *|.*[/\])(aarch64-linux-android-ld|CMAKE_LINK_STARTFILE-NOTFOUND|([^/\]+-)?ld|collect2)[^/\]*( |$)]
  ignore line: [Change Dir: /Users/unkonow/Scade/testtttt/.build/android-arm64-v8a/CMakeFiles/CMakeTmp]
  ignore line: []
  ignore line: [Run Build Command(s):make cmTC_02380/fast && /Applications/Xcode.app/Contents/Developer/usr/bin/make -f CMakeFiles/cmTC_02380.dir/build.make CMakeFiles/cmTC_02380.dir/build]
  ignore line: [Building C object CMakeFiles/cmTC_02380.dir/CMakeCCompilerABI.c.o]
  ignore line: [/Users/unkonow/Library/Android/sdk/ndk/android-ndk-r19c/toolchains/llvm/prebuilt/darwin-x86_64/bin/clang   -fexceptions -gcc-toolchain /Users/unkonow/Library/Android/sdk/ndk/android-ndk-r19c/toolchains/aarch64-linux-android-4.9/prebuilt/darwin-x86_64 -target aarch64-none-linux-android -Qunused-arguments --sysroot=/Users/unkonow/Library/Android/sdk/ndk/android-ndk-r19c/platforms/android-21/arch-arm64 -funwind-tables -fsigned-char -no-canonical-prefixes -nostdlib++ -Xclang -mnoexecstack   -fPIE   -v -o CMakeFiles/cmTC_02380.dir/CMakeCCompilerABI.c.o   -c /Users/unkonow/Scade/.metadata/.plugins/com.scade.sdk.toolchain.latest/Toolchain/thirdparty/CMake.app/Contents/share/cmake-3.15/Modules/CMakeCCompilerABI.c]
  ignore line: [Android (5058415 based on r339409) clang version 8.0.2 (https://android.googlesource.com/toolchain/clang 40173bab62ec746213857d083c0e8b0abb568790) (https://android.googlesource.com/toolchain/llvm 7a6618d69e7e8111e1d49dc9e7813767c5ca756a) (based on LLVM 8.0.2svn)]
  ignore line: [Target: aarch64-none-linux-android]
  ignore line: [Thread model: posix]
  ignore line: [InstalledDir: /Users/unkonow/Library/Android/sdk/ndk/android-ndk-r19c/toolchains/llvm/prebuilt/darwin-x86_64/bin]
  ignore line: [Found candidate GCC installation: /Users/unkonow/Library/Android/sdk/ndk/android-ndk-r19c/toolchains/aarch64-linux-android-4.9/prebuilt/darwin-x86_64/lib/gcc/aarch64-linux-android/4.9.x]
  ignore line: [Selected GCC installation: /Users/unkonow/Library/Android/sdk/ndk/android-ndk-r19c/toolchains/aarch64-linux-android-4.9/prebuilt/darwin-x86_64/lib/gcc/aarch64-linux-android/4.9.x]
  ignore line: [Candidate multilib: .]
  ignore line: [@m64]
  ignore line: [Selected multilib: .]
  ignore line: [@m64]
  ignore line: [ "/Users/unkonow/Library/Android/sdk/ndk/android-ndk-r19c/toolchains/llvm/prebuilt/darwin-x86_64/bin/clang" -cc1 -triple aarch64-none-linux-android -emit-obj -mrelax-all -disable-free -disable-llvm-verifier -discard-value-names -main-file-name CMakeCCompilerABI.c -mrelocation-model pic -pic-level 2 -pic-is-pie -mthread-model posix -mdisable-fp-elim -fmath-errno -masm-verbose -mconstructor-aliases -munwind-tables -fuse-init-array -target-cpu generic -target-feature +neon -target-abi aapcs -mllvm -aarch64-fix-cortex-a53-835769=1 -fallow-half-arguments-and-returns -dwarf-column-info -debugger-tuning=gdb -target-linker-version 241.9 -v -coverage-notes-file /Users/unkonow/Scade/testtttt/.build/android-arm64-v8a/CMakeFiles/CMakeTmp/CMakeFiles/cmTC_02380.dir/CMakeCCompilerABI.c.gcno -resource-dir /Users/unkonow/Library/Android/sdk/ndk/android-ndk-r19c/toolchains/llvm/prebuilt/darwin-x86_64/lib64/clang/8.0.2 -isysroot /Users/unkonow/Library/Android/sdk/ndk/android-ndk-r19c/platforms/android-21/arch-arm64 -internal-isystem /Users/unkonow/Library/Android/sdk/ndk/android-ndk-r19c/platforms/android-21/arch-arm64/usr/local/include -internal-isystem /Users/unkonow/Library/Android/sdk/ndk/android-ndk-r19c/toolchains/llvm/prebuilt/darwin-x86_64/lib64/clang/8.0.2/include -internal-externc-isystem /Users/unkonow/Library/Android/sdk/ndk/android-ndk-r19c/platforms/android-21/arch-arm64/include -internal-externc-isystem /Users/unkonow/Library/Android/sdk/ndk/android-ndk-r19c/platforms/android-21/arch-arm64/usr/include -fdebug-compilation-dir /Users/unkonow/Scade/testtttt/.build/android-arm64-v8a/CMakeFiles/CMakeTmp -ferror-limit 19 -fmessage-length 0 -fobjc-runtime=gcc -fexceptions -fdiagnostics-show-option -mnoexecstack -o CMakeFiles/cmTC_02380.dir/CMakeCCompilerABI.c.o -x c /Users/unkonow/Scade/.metadata/.plugins/com.scade.sdk.toolchain.latest/Toolchain/thirdparty/CMake.app/Contents/share/cmake-3.15/Modules/CMakeCCompilerABI.c -faddrsig]
  ignore line: [clang -cc1 version 8.0.2 based upon LLVM 8.0.2svn default target x86_64-apple-darwin19.6.0]
  ignore line: [ignoring nonexistent directory "/Users/unkonow/Library/Android/sdk/ndk/android-ndk-r19c/platforms/android-21/arch-arm64/usr/local/include"]
  ignore line: [ignoring nonexistent directory "/Users/unkonow/Library/Android/sdk/ndk/android-ndk-r19c/platforms/android-21/arch-arm64/include"]
  ignore line: [ignoring nonexistent directory "/Users/unkonow/Library/Android/sdk/ndk/android-ndk-r19c/platforms/android-21/arch-arm64/usr/include"]
  ignore line: [#include "..." search starts here:]
  ignore line: [#include <...> search starts here:]
  ignore line: [ /Users/unkonow/Library/Android/sdk/ndk/android-ndk-r19c/toolchains/llvm/prebuilt/darwin-x86_64/lib64/clang/8.0.2/include]
  ignore line: [End of search list.]
  ignore line: [Linking C executable cmTC_02380]
  ignore line: [/Users/unkonow/Scade/.metadata/.plugins/com.scade.sdk.toolchain.latest/Toolchain/thirdparty/CMake.app/Contents/bin/cmake -E cmake_link_script CMakeFiles/cmTC_02380.dir/link.txt --verbose=1]
  ignore line: [/Users/unkonow/Library/Android/sdk/ndk/android-ndk-r19c/toolchains/llvm/prebuilt/darwin-x86_64/bin/clang -fexceptions -gcc-toolchain /Users/unkonow/Library/Android/sdk/ndk/android-ndk-r19c/toolchains/aarch64-linux-android-4.9/prebuilt/darwin-x86_64 -target aarch64-none-linux-android -Qunused-arguments --sysroot=/Users/unkonow/Library/Android/sdk/ndk/android-ndk-r19c/platforms/android-21/arch-arm64 -funwind-tables -fsigned-char -no-canonical-prefixes -nostdlib++ -Xclang -mnoexecstack     -v CMakeFiles/cmTC_02380.dir/CMakeCCompilerABI.c.o  -o cmTC_02380 ]
  ignore line: [Android (5058415 based on r339409) clang version 8.0.2 (https://android.googlesource.com/toolchain/clang 40173bab62ec746213857d083c0e8b0abb568790) (https://android.googlesource.com/toolchain/llvm 7a6618d69e7e8111e1d49dc9e7813767c5ca756a) (based on LLVM 8.0.2svn)]
  ignore line: [Target: aarch64-none-linux-android]
  ignore line: [Thread model: posix]
  ignore line: [InstalledDir: /Users/unkonow/Library/Android/sdk/ndk/android-ndk-r19c/toolchains/llvm/prebuilt/darwin-x86_64/bin]
  ignore line: [Found candidate GCC installation: /Users/unkonow/Library/Android/sdk/ndk/android-ndk-r19c/toolchains/aarch64-linux-android-4.9/prebuilt/darwin-x86_64/lib/gcc/aarch64-linux-android/4.9.x]
  ignore line: [Selected GCC installation: /Users/unkonow/Library/Android/sdk/ndk/android-ndk-r19c/toolchains/aarch64-linux-android-4.9/prebuilt/darwin-x86_64/lib/gcc/aarch64-linux-android/4.9.x]
  ignore line: [Candidate multilib: .]
  ignore line: [@m64]
  ignore line: [Selected multilib: .]
  ignore line: [@m64]
  link line: [ "/Users/unkonow/Library/Android/sdk/ndk/android-ndk-r19c/toolchains/aarch64-linux-android-4.9/prebuilt/darwin-x86_64/lib/gcc/aarch64-linux-android/4.9.x/../../../../aarch64-linux-android/bin/ld" --sysroot=/Users/unkonow/Library/Android/sdk/ndk/android-ndk-r19c/platforms/android-21/arch-arm64 -pie --fix-cortex-a53-843419 --enable-new-dtags --eh-frame-hdr -m aarch64linux -dynamic-linker /system/bin/linker64 -o cmTC_02380 /Users/unkonow/Library/Android/sdk/ndk/android-ndk-r19c/platforms/android-21/arch-arm64/usr/lib/crtbegin_dynamic.o -L/Users/unkonow/Library/Android/sdk/ndk/android-ndk-r19c/toolchains/llvm/prebuilt/darwin-x86_64/lib64/clang/8.0.2/lib/linux/aarch64 -L/Users/unkonow/Library/Android/sdk/ndk/android-ndk-r19c/toolchains/aarch64-linux-android-4.9/prebuilt/darwin-x86_64/lib/gcc/aarch64-linux-android/4.9.x -L/Users/unkonow/Library/Android/sdk/ndk/android-ndk-r19c/toolchains/aarch64-linux-android-4.9/prebuilt/darwin-x86_64/lib/gcc/aarch64-linux-android/4.9.x/../../../../aarch64-linux-android/lib/../lib64 -L/Users/unkonow/Library/Android/sdk/ndk/android-ndk-r19c/toolchains/aarch64-linux-android-4.9/prebuilt/darwin-x86_64/lib/gcc/aarch64-linux-android/4.9.x/../../../../aarch64-linux-android/lib -L/Users/unkonow/Library/Android/sdk/ndk/android-ndk-r19c/platforms/android-21/arch-arm64/usr/lib CMakeFiles/cmTC_02380.dir/CMakeCCompilerABI.c.o -lgcc -ldl -lc -lgcc -ldl /Users/unkonow/Library/Android/sdk/ndk/android-ndk-r19c/platforms/android-21/arch-arm64/usr/lib/crtend_android.o]
    arg [/Users/unkonow/Library/Android/sdk/ndk/android-ndk-r19c/toolchains/aarch64-linux-android-4.9/prebuilt/darwin-x86_64/lib/gcc/aarch64-linux-android/4.9.x/../../../../aarch64-linux-android/bin/ld] ==> ignore
    arg [--sysroot=/Users/unkonow/Library/Android/sdk/ndk/android-ndk-r19c/platforms/android-21/arch-arm64] ==> ignore
    arg [-pie] ==> ignore
    arg [--fix-cortex-a53-843419] ==> ignore
    arg [--enable-new-dtags] ==> ignore
    arg [--eh-frame-hdr] ==> ignore
    arg [-m] ==> ignore
    arg [aarch64linux] ==> ignore
    arg [-dynamic-linker] ==> ignore
    arg [/system/bin/linker64] ==> ignore
    arg [-o] ==> ignore
    arg [cmTC_02380] ==> ignore
    arg [/Users/unkonow/Library/Android/sdk/ndk/android-ndk-r19c/platforms/android-21/arch-arm64/usr/lib/crtbegin_dynamic.o] ==> ignore
    arg [-L/Users/unkonow/Library/Android/sdk/ndk/android-ndk-r19c/toolchains/llvm/prebuilt/darwin-x86_64/lib64/clang/8.0.2/lib/linux/aarch64] ==> dir [/Users/unkonow/Library/Android/sdk/ndk/android-ndk-r19c/toolchains/llvm/prebuilt/darwin-x86_64/lib64/clang/8.0.2/lib/linux/aarch64]
    arg [-L/Users/unkonow/Library/Android/sdk/ndk/android-ndk-r19c/toolchains/aarch64-linux-android-4.9/prebuilt/darwin-x86_64/lib/gcc/aarch64-linux-android/4.9.x] ==> dir [/Users/unkonow/Library/Android/sdk/ndk/android-ndk-r19c/toolchains/aarch64-linux-android-4.9/prebuilt/darwin-x86_64/lib/gcc/aarch64-linux-android/4.9.x]
    arg [-L/Users/unkonow/Library/Android/sdk/ndk/android-ndk-r19c/toolchains/aarch64-linux-android-4.9/prebuilt/darwin-x86_64/lib/gcc/aarch64-linux-android/4.9.x/../../../../aarch64-linux-android/lib/../lib64] ==> dir [/Users/unkonow/Library/Android/sdk/ndk/android-ndk-r19c/toolchains/aarch64-linux-android-4.9/prebuilt/darwin-x86_64/lib/gcc/aarch64-linux-android/4.9.x/../../../../aarch64-linux-android/lib/../lib64]
    arg [-L/Users/unkonow/Library/Android/sdk/ndk/android-ndk-r19c/toolchains/aarch64-linux-android-4.9/prebuilt/darwin-x86_64/lib/gcc/aarch64-linux-android/4.9.x/../../../../aarch64-linux-android/lib] ==> dir [/Users/unkonow/Library/Android/sdk/ndk/android-ndk-r19c/toolchains/aarch64-linux-android-4.9/prebuilt/darwin-x86_64/lib/gcc/aarch64-linux-android/4.9.x/../../../../aarch64-linux-android/lib]
    arg [-L/Users/unkonow/Library/Android/sdk/ndk/android-ndk-r19c/platforms/android-21/arch-arm64/usr/lib] ==> dir [/Users/unkonow/Library/Android/sdk/ndk/android-ndk-r19c/platforms/android-21/arch-arm64/usr/lib]
    arg [CMakeFiles/cmTC_02380.dir/CMakeCCompilerABI.c.o] ==> ignore
    arg [-lgcc] ==> lib [gcc]
    arg [-ldl] ==> lib [dl]
    arg [-lc] ==> lib [c]
    arg [-lgcc] ==> lib [gcc]
    arg [-ldl] ==> lib [dl]
    arg [/Users/unkonow/Library/Android/sdk/ndk/android-ndk-r19c/platforms/android-21/arch-arm64/usr/lib/crtend_android.o] ==> ignore
  collapse library dir [/Users/unkonow/Library/Android/sdk/ndk/android-ndk-r19c/toolchains/llvm/prebuilt/darwin-x86_64/lib64/clang/8.0.2/lib/linux/aarch64] ==> [/Users/unkonow/Library/Android/sdk/ndk/android-ndk-r19c/toolchains/llvm/prebuilt/darwin-x86_64/lib64/clang/8.0.2/lib/linux/aarch64]
  collapse library dir [/Users/unkonow/Library/Android/sdk/ndk/android-ndk-r19c/toolchains/aarch64-linux-android-4.9/prebuilt/darwin-x86_64/lib/gcc/aarch64-linux-android/4.9.x] ==> [/Users/unkonow/Library/Android/sdk/ndk/android-ndk-r19c/toolchains/aarch64-linux-android-4.9/prebuilt/darwin-x86_64/lib/gcc/aarch64-linux-android/4.9.x]
  collapse library dir [/Users/unkonow/Library/Android/sdk/ndk/android-ndk-r19c/toolchains/aarch64-linux-android-4.9/prebuilt/darwin-x86_64/lib/gcc/aarch64-linux-android/4.9.x/../../../../aarch64-linux-android/lib/../lib64] ==> [/Users/unkonow/Library/Android/sdk/ndk/android-ndk-r19c/toolchains/aarch64-linux-android-4.9/prebuilt/darwin-x86_64/aarch64-linux-android/lib64]
  collapse library dir [/Users/unkonow/Library/Android/sdk/ndk/android-ndk-r19c/toolchains/aarch64-linux-android-4.9/prebuilt/darwin-x86_64/lib/gcc/aarch64-linux-android/4.9.x/../../../../aarch64-linux-android/lib] ==> [/Users/unkonow/Library/Android/sdk/ndk/android-ndk-r19c/toolchains/aarch64-linux-android-4.9/prebuilt/darwin-x86_64/aarch64-linux-android/lib]
  collapse library dir [/Users/unkonow/Library/Android/sdk/ndk/android-ndk-r19c/platforms/android-21/arch-arm64/usr/lib] ==> [/Users/unkonow/Library/Android/sdk/ndk/android-ndk-r19c/platforms/android-21/arch-arm64/usr/lib]
  implicit libs: [gcc;dl;c;gcc;dl]
  implicit dirs: [/Users/unkonow/Library/Android/sdk/ndk/android-ndk-r19c/toolchains/llvm/prebuilt/darwin-x86_64/lib64/clang/8.0.2/lib/linux/aarch64;/Users/unkonow/Library/Android/sdk/ndk/android-ndk-r19c/toolchains/aarch64-linux-android-4.9/prebuilt/darwin-x86_64/lib/gcc/aarch64-linux-android/4.9.x;/Users/unkonow/Library/Android/sdk/ndk/android-ndk-r19c/toolchains/aarch64-linux-android-4.9/prebuilt/darwin-x86_64/aarch64-linux-android/lib64;/Users/unkonow/Library/Android/sdk/ndk/android-ndk-r19c/toolchains/aarch64-linux-android-4.9/prebuilt/darwin-x86_64/aarch64-linux-android/lib;/Users/unkonow/Library/Android/sdk/ndk/android-ndk-r19c/platforms/android-21/arch-arm64/usr/lib]
  implicit fwks: []


Determining if the CXX compiler works passed with the following output:
Change Dir: /Users/unkonow/Scade/testtttt/.build/android-arm64-v8a/CMakeFiles/CMakeTmp

Run Build Command(s):make cmTC_7a357/fast && /Applications/Xcode.app/Contents/Developer/usr/bin/make -f CMakeFiles/cmTC_7a357.dir/build.make CMakeFiles/cmTC_7a357.dir/build
Building CXX object CMakeFiles/cmTC_7a357.dir/testCXXCompiler.cxx.o
/Users/unkonow/Library/Android/sdk/ndk/android-ndk-r19c/toolchains/llvm/prebuilt/darwin-x86_64/bin/clang++    -fexceptions -frtti -gcc-toolchain /Users/unkonow/Library/Android/sdk/ndk/android-ndk-r19c/toolchains/aarch64-linux-android-4.9/prebuilt/darwin-x86_64 -target aarch64-none-linux-android -Qunused-arguments --sysroot=/Users/unkonow/Library/Android/sdk/ndk/android-ndk-r19c/platforms/android-21/arch-arm64 -funwind-tables -fsigned-char -no-canonical-prefixes -nostdlib++ -Xclang -mnoexecstack  -I/Users/unkonow/Library/Android/sdk/ndk/android-ndk-r19c/sources/cxx-stl/llvm-libc++/include -I/Users/unkonow/Library/Android/sdk/ndk/android-ndk-r19c/sources/cxx-stl/llvm-libc++abi/include  -fPIE   -o CMakeFiles/cmTC_7a357.dir/testCXXCompiler.cxx.o -c /Users/unkonow/Scade/testtttt/.build/android-arm64-v8a/CMakeFiles/CMakeTmp/testCXXCompiler.cxx
Linking CXX executable cmTC_7a357
/Users/unkonow/Scade/.metadata/.plugins/com.scade.sdk.toolchain.latest/Toolchain/thirdparty/CMake.app/Contents/bin/cmake -E cmake_link_script CMakeFiles/cmTC_7a357.dir/link.txt --verbose=1
/Users/unkonow/Library/Android/sdk/ndk/android-ndk-r19c/toolchains/llvm/prebuilt/darwin-x86_64/bin/clang++  -fexceptions -frtti -gcc-toolchain /Users/unkonow/Library/Android/sdk/ndk/android-ndk-r19c/toolchains/aarch64-linux-android-4.9/prebuilt/darwin-x86_64 -target aarch64-none-linux-android -Qunused-arguments --sysroot=/Users/unkonow/Library/Android/sdk/ndk/android-ndk-r19c/platforms/android-21/arch-arm64 -funwind-tables -fsigned-char -no-canonical-prefixes -nostdlib++ -Xclang -mnoexecstack  -I/Users/unkonow/Library/Android/sdk/ndk/android-ndk-r19c/sources/cxx-stl/llvm-libc++/include -I/Users/unkonow/Library/Android/sdk/ndk/android-ndk-r19c/sources/cxx-stl/llvm-libc++abi/include     CMakeFiles/cmTC_7a357.dir/testCXXCompiler.cxx.o  -o cmTC_7a357 



Detecting CXX compiler ABI info compiled with the following output:
Change Dir: /Users/unkonow/Scade/testtttt/.build/android-arm64-v8a/CMakeFiles/CMakeTmp

Run Build Command(s):make cmTC_0ff32/fast && /Applications/Xcode.app/Contents/Developer/usr/bin/make -f CMakeFiles/cmTC_0ff32.dir/build.make CMakeFiles/cmTC_0ff32.dir/build
Building CXX object CMakeFiles/cmTC_0ff32.dir/CMakeCXXCompilerABI.cpp.o
/Users/unkonow/Library/Android/sdk/ndk/android-ndk-r19c/toolchains/llvm/prebuilt/darwin-x86_64/bin/clang++    -fexceptions -frtti -gcc-toolchain /Users/unkonow/Library/Android/sdk/ndk/android-ndk-r19c/toolchains/aarch64-linux-android-4.9/prebuilt/darwin-x86_64 -target aarch64-none-linux-android -Qunused-arguments --sysroot=/Users/unkonow/Library/Android/sdk/ndk/android-ndk-r19c/platforms/android-21/arch-arm64 -funwind-tables -fsigned-char -no-canonical-prefixes -nostdlib++ -Xclang -mnoexecstack  -I/Users/unkonow/Library/Android/sdk/ndk/android-ndk-r19c/sources/cxx-stl/llvm-libc++/include -I/Users/unkonow/Library/Android/sdk/ndk/android-ndk-r19c/sources/cxx-stl/llvm-libc++abi/include  -fPIE   -v -o CMakeFiles/cmTC_0ff32.dir/CMakeCXXCompilerABI.cpp.o -c /Users/unkonow/Scade/.metadata/.plugins/com.scade.sdk.toolchain.latest/Toolchain/thirdparty/CMake.app/Contents/share/cmake-3.15/Modules/CMakeCXXCompilerABI.cpp
Android (5058415 based on r339409) clang version 8.0.2 (https://android.googlesource.com/toolchain/clang 40173bab62ec746213857d083c0e8b0abb568790) (https://android.googlesource.com/toolchain/llvm 7a6618d69e7e8111e1d49dc9e7813767c5ca756a) (based on LLVM 8.0.2svn)
Target: aarch64-none-linux-android
Thread model: posix
InstalledDir: /Users/unkonow/Library/Android/sdk/ndk/android-ndk-r19c/toolchains/llvm/prebuilt/darwin-x86_64/bin
Found candidate GCC installation: /Users/unkonow/Library/Android/sdk/ndk/android-ndk-r19c/toolchains/aarch64-linux-android-4.9/prebuilt/darwin-x86_64/lib/gcc/aarch64-linux-android/4.9.x
Selected GCC installation: /Users/unkonow/Library/Android/sdk/ndk/android-ndk-r19c/toolchains/aarch64-linux-android-4.9/prebuilt/darwin-x86_64/lib/gcc/aarch64-linux-android/4.9.x
Candidate multilib: .;@m64
Selected multilib: .;@m64
 "/Users/unkonow/Library/Android/sdk/ndk/android-ndk-r19c/toolchains/llvm/prebuilt/darwin-x86_64/bin/clang++" -cc1 -triple aarch64-none-linux-android -emit-obj -mrelax-all -disable-free -disable-llvm-verifier -discard-value-names -main-file-name CMakeCXXCompilerABI.cpp -mrelocation-model pic -pic-level 2 -pic-is-pie -mthread-model posix -mdisable-fp-elim -fmath-errno -masm-verbose -mconstructor-aliases -munwind-tables -fuse-init-array -target-cpu generic -target-feature +neon -target-abi aapcs -mllvm -aarch64-fix-cortex-a53-835769=1 -fallow-half-arguments-and-returns -dwarf-column-info -debugger-tuning=gdb -target-linker-version 241.9 -v -coverage-notes-file /Users/unkonow/Scade/testtttt/.build/android-arm64-v8a/CMakeFiles/CMakeTmp/CMakeFiles/cmTC_0ff32.dir/CMakeCXXCompilerABI.cpp.gcno -resource-dir /Users/unkonow/Library/Android/sdk/ndk/android-ndk-r19c/toolchains/llvm/prebuilt/darwin-x86_64/lib64/clang/8.0.2 -I /Users/unkonow/Library/Android/sdk/ndk/android-ndk-r19c/sources/cxx-stl/llvm-libc++/include -I /Users/unkonow/Library/Android/sdk/ndk/android-ndk-r19c/sources/cxx-stl/llvm-libc++abi/include -isysroot /Users/unkonow/Library/Android/sdk/ndk/android-ndk-r19c/platforms/android-21/arch-arm64 -internal-isystem /Users/unkonow/Library/Android/sdk/ndk/android-ndk-r19c/platforms/android-21/arch-arm64/usr/local/include -internal-isystem /Users/unkonow/Library/Android/sdk/ndk/android-ndk-r19c/toolchains/llvm/prebuilt/darwin-x86_64/lib64/clang/8.0.2/include -internal-externc-isystem /Users/unkonow/Library/Android/sdk/ndk/android-ndk-r19c/platforms/android-21/arch-arm64/include -internal-externc-isystem /Users/unkonow/Library/Android/sdk/ndk/android-ndk-r19c/platforms/android-21/arch-arm64/usr/include -fdeprecated-macro -fdebug-compilation-dir /Users/unkonow/Scade/testtttt/.build/android-arm64-v8a/CMakeFiles/CMakeTmp -ferror-limit 19 -fmessage-length 0 -fobjc-runtime=gcc -fcxx-exceptions -fexceptions -fdiagnostics-show-option -mnoexecstack -o CMakeFiles/cmTC_0ff32.dir/CMakeCXXCompilerABI.cpp.o -x c++ /Users/unkonow/Scade/.metadata/.plugins/com.scade.sdk.toolchain.latest/Toolchain/thirdparty/CMake.app/Contents/share/cmake-3.15/Modules/CMakeCXXCompilerABI.cpp -faddrsig
clang -cc1 version 8.0.2 based upon LLVM 8.0.2svn default target x86_64-apple-darwin19.6.0
ignoring nonexistent directory "/Users/unkonow/Library/Android/sdk/ndk/android-ndk-r19c/platforms/android-21/arch-arm64/usr/local/include"
ignoring nonexistent directory "/Users/unkonow/Library/Android/sdk/ndk/android-ndk-r19c/platforms/android-21/arch-arm64/include"
ignoring nonexistent directory "/Users/unkonow/Library/Android/sdk/ndk/android-ndk-r19c/platforms/android-21/arch-arm64/usr/include"
#include "..." search starts here:
#include <...> search starts here:
 /Users/unkonow/Library/Android/sdk/ndk/android-ndk-r19c/sources/cxx-stl/llvm-libc++/include
 /Users/unkonow/Library/Android/sdk/ndk/android-ndk-r19c/sources/cxx-stl/llvm-libc++abi/include
 /Users/unkonow/Library/Android/sdk/ndk/android-ndk-r19c/toolchains/llvm/prebuilt/darwin-x86_64/lib64/clang/8.0.2/include
End of search list.
Linking CXX executable cmTC_0ff32
/Users/unkonow/Scade/.metadata/.plugins/com.scade.sdk.toolchain.latest/Toolchain/thirdparty/CMake.app/Contents/bin/cmake -E cmake_link_script CMakeFiles/cmTC_0ff32.dir/link.txt --verbose=1
/Users/unkonow/Library/Android/sdk/ndk/android-ndk-r19c/toolchains/llvm/prebuilt/darwin-x86_64/bin/clang++  -fexceptions -frtti -gcc-toolchain /Users/unkonow/Library/Android/sdk/ndk/android-ndk-r19c/toolchains/aarch64-linux-android-4.9/prebuilt/darwin-x86_64 -target aarch64-none-linux-android -Qunused-arguments --sysroot=/Users/unkonow/Library/Android/sdk/ndk/android-ndk-r19c/platforms/android-21/arch-arm64 -funwind-tables -fsigned-char -no-canonical-prefixes -nostdlib++ -Xclang -mnoexecstack  -I/Users/unkonow/Library/Android/sdk/ndk/android-ndk-r19c/sources/cxx-stl/llvm-libc++/include -I/Users/unkonow/Library/Android/sdk/ndk/android-ndk-r19c/sources/cxx-stl/llvm-libc++abi/include    -v CMakeFiles/cmTC_0ff32.dir/CMakeCXXCompilerABI.cpp.o  -o cmTC_0ff32 
Android (5058415 based on r339409) clang version 8.0.2 (https://android.googlesource.com/toolchain/clang 40173bab62ec746213857d083c0e8b0abb568790) (https://android.googlesource.com/toolchain/llvm 7a6618d69e7e8111e1d49dc9e7813767c5ca756a) (based on LLVM 8.0.2svn)
Target: aarch64-none-linux-android
Thread model: posix
InstalledDir: /Users/unkonow/Library/Android/sdk/ndk/android-ndk-r19c/toolchains/llvm/prebuilt/darwin-x86_64/bin
Found candidate GCC installation: /Users/unkonow/Library/Android/sdk/ndk/android-ndk-r19c/toolchains/aarch64-linux-android-4.9/prebuilt/darwin-x86_64/lib/gcc/aarch64-linux-android/4.9.x
Selected GCC installation: /Users/unkonow/Library/Android/sdk/ndk/android-ndk-r19c/toolchains/aarch64-linux-android-4.9/prebuilt/darwin-x86_64/lib/gcc/aarch64-linux-android/4.9.x
Candidate multilib: .;@m64
Selected multilib: .;@m64
 "/Users/unkonow/Library/Android/sdk/ndk/android-ndk-r19c/toolchains/aarch64-linux-android-4.9/prebuilt/darwin-x86_64/lib/gcc/aarch64-linux-android/4.9.x/../../../../aarch64-linux-android/bin/ld" --sysroot=/Users/unkonow/Library/Android/sdk/ndk/android-ndk-r19c/platforms/android-21/arch-arm64 -pie --fix-cortex-a53-843419 --enable-new-dtags --eh-frame-hdr -m aarch64linux -dynamic-linker /system/bin/linker64 -o cmTC_0ff32 /Users/unkonow/Library/Android/sdk/ndk/android-ndk-r19c/platforms/android-21/arch-arm64/usr/lib/crtbegin_dynamic.o -L/Users/unkonow/Library/Android/sdk/ndk/android-ndk-r19c/toolchains/llvm/prebuilt/darwin-x86_64/lib64/clang/8.0.2/lib/linux/aarch64 -L/Users/unkonow/Library/Android/sdk/ndk/android-ndk-r19c/toolchains/aarch64-linux-android-4.9/prebuilt/darwin-x86_64/lib/gcc/aarch64-linux-android/4.9.x -L/Users/unkonow/Library/Android/sdk/ndk/android-ndk-r19c/toolchains/aarch64-linux-android-4.9/prebuilt/darwin-x86_64/lib/gcc/aarch64-linux-android/4.9.x/../../../../aarch64-linux-android/lib/../lib64 -L/Users/unkonow/Library/Android/sdk/ndk/android-ndk-r19c/toolchains/aarch64-linux-android-4.9/prebuilt/darwin-x86_64/lib/gcc/aarch64-linux-android/4.9.x/../../../../aarch64-linux-android/lib -L/Users/unkonow/Library/Android/sdk/ndk/android-ndk-r19c/platforms/android-21/arch-arm64/usr/lib CMakeFiles/cmTC_0ff32.dir/CMakeCXXCompilerABI.cpp.o -lm -lgcc -lgcc -ldl -lc -lgcc -lgcc -ldl /Users/unkonow/Library/Android/sdk/ndk/android-ndk-r19c/platforms/android-21/arch-arm64/usr/lib/crtend_android.o



Parsed CXX implicit include dir info from above output: rv=done
  found start of include info
  found start of implicit include info
    add: [/Users/unkonow/Library/Android/sdk/ndk/android-ndk-r19c/sources/cxx-stl/llvm-libc++/include]
    add: [/Users/unkonow/Library/Android/sdk/ndk/android-ndk-r19c/sources/cxx-stl/llvm-libc++abi/include]
    add: [/Users/unkonow/Library/Android/sdk/ndk/android-ndk-r19c/toolchains/llvm/prebuilt/darwin-x86_64/lib64/clang/8.0.2/include]
  end of search list found
  collapse include dir [/Users/unkonow/Library/Android/sdk/ndk/android-ndk-r19c/sources/cxx-stl/llvm-libc++/include] ==> [/Users/unkonow/Library/Android/sdk/ndk/android-ndk-r19c/sources/cxx-stl/llvm-libc++/include]
  collapse include dir [/Users/unkonow/Library/Android/sdk/ndk/android-ndk-r19c/sources/cxx-stl/llvm-libc++abi/include] ==> [/Users/unkonow/Library/Android/sdk/ndk/android-ndk-r19c/sources/cxx-stl/llvm-libc++abi/include]
  collapse include dir [/Users/unkonow/Library/Android/sdk/ndk/android-ndk-r19c/toolchains/llvm/prebuilt/darwin-x86_64/lib64/clang/8.0.2/include] ==> [/Users/unkonow/Library/Android/sdk/ndk/android-ndk-r19c/toolchains/llvm/prebuilt/darwin-x86_64/lib64/clang/8.0.2/include]
  implicit include dirs: [/Users/unkonow/Library/Android/sdk/ndk/android-ndk-r19c/sources/cxx-stl/llvm-libc++/include;/Users/unkonow/Library/Android/sdk/ndk/android-ndk-r19c/sources/cxx-stl/llvm-libc++abi/include;/Users/unkonow/Library/Android/sdk/ndk/android-ndk-r19c/toolchains/llvm/prebuilt/darwin-x86_64/lib64/clang/8.0.2/include]


Parsed CXX implicit link information from above output:
  link line regex: [^( *|.*[/\])(aarch64-linux-android-ld|CMAKE_LINK_STARTFILE-NOTFOUND|([^/\]+-)?ld|collect2)[^/\]*( |$)]
  ignore line: [Change Dir: /Users/unkonow/Scade/testtttt/.build/android-arm64-v8a/CMakeFiles/CMakeTmp]
  ignore line: []
  ignore line: [Run Build Command(s):make cmTC_0ff32/fast && /Applications/Xcode.app/Contents/Developer/usr/bin/make -f CMakeFiles/cmTC_0ff32.dir/build.make CMakeFiles/cmTC_0ff32.dir/build]
  ignore line: [Building CXX object CMakeFiles/cmTC_0ff32.dir/CMakeCXXCompilerABI.cpp.o]
  ignore line: [/Users/unkonow/Library/Android/sdk/ndk/android-ndk-r19c/toolchains/llvm/prebuilt/darwin-x86_64/bin/clang++    -fexceptions -frtti -gcc-toolchain /Users/unkonow/Library/Android/sdk/ndk/android-ndk-r19c/toolchains/aarch64-linux-android-4.9/prebuilt/darwin-x86_64 -target aarch64-none-linux-android -Qunused-arguments --sysroot=/Users/unkonow/Library/Android/sdk/ndk/android-ndk-r19c/platforms/android-21/arch-arm64 -funwind-tables -fsigned-char -no-canonical-prefixes -nostdlib++ -Xclang -mnoexecstack  -I/Users/unkonow/Library/Android/sdk/ndk/android-ndk-r19c/sources/cxx-stl/llvm-libc++/include -I/Users/unkonow/Library/Android/sdk/ndk/android-ndk-r19c/sources/cxx-stl/llvm-libc++abi/include  -fPIE   -v -o CMakeFiles/cmTC_0ff32.dir/CMakeCXXCompilerABI.cpp.o -c /Users/unkonow/Scade/.metadata/.plugins/com.scade.sdk.toolchain.latest/Toolchain/thirdparty/CMake.app/Contents/share/cmake-3.15/Modules/CMakeCXXCompilerABI.cpp]
  ignore line: [Android (5058415 based on r339409) clang version 8.0.2 (https://android.googlesource.com/toolchain/clang 40173bab62ec746213857d083c0e8b0abb568790) (https://android.googlesource.com/toolchain/llvm 7a6618d69e7e8111e1d49dc9e7813767c5ca756a) (based on LLVM 8.0.2svn)]
  ignore line: [Target: aarch64-none-linux-android]
  ignore line: [Thread model: posix]
  ignore line: [InstalledDir: /Users/unkonow/Library/Android/sdk/ndk/android-ndk-r19c/toolchains/llvm/prebuilt/darwin-x86_64/bin]
  ignore line: [Found candidate GCC installation: /Users/unkonow/Library/Android/sdk/ndk/android-ndk-r19c/toolchains/aarch64-linux-android-4.9/prebuilt/darwin-x86_64/lib/gcc/aarch64-linux-android/4.9.x]
  ignore line: [Selected GCC installation: /Users/unkonow/Library/Android/sdk/ndk/android-ndk-r19c/toolchains/aarch64-linux-android-4.9/prebuilt/darwin-x86_64/lib/gcc/aarch64-linux-android/4.9.x]
  ignore line: [Candidate multilib: .]
  ignore line: [@m64]
  ignore line: [Selected multilib: .]
  ignore line: [@m64]
  ignore line: [ "/Users/unkonow/Library/Android/sdk/ndk/android-ndk-r19c/toolchains/llvm/prebuilt/darwin-x86_64/bin/clang++" -cc1 -triple aarch64-none-linux-android -emit-obj -mrelax-all -disable-free -disable-llvm-verifier -discard-value-names -main-file-name CMakeCXXCompilerABI.cpp -mrelocation-model pic -pic-level 2 -pic-is-pie -mthread-model posix -mdisable-fp-elim -fmath-errno -masm-verbose -mconstructor-aliases -munwind-tables -fuse-init-array -target-cpu generic -target-feature +neon -target-abi aapcs -mllvm -aarch64-fix-cortex-a53-835769=1 -fallow-half-arguments-and-returns -dwarf-column-info -debugger-tuning=gdb -target-linker-version 241.9 -v -coverage-notes-file /Users/unkonow/Scade/testtttt/.build/android-arm64-v8a/CMakeFiles/CMakeTmp/CMakeFiles/cmTC_0ff32.dir/CMakeCXXCompilerABI.cpp.gcno -resource-dir /Users/unkonow/Library/Android/sdk/ndk/android-ndk-r19c/toolchains/llvm/prebuilt/darwin-x86_64/lib64/clang/8.0.2 -I /Users/unkonow/Library/Android/sdk/ndk/android-ndk-r19c/sources/cxx-stl/llvm-libc++/include -I /Users/unkonow/Library/Android/sdk/ndk/android-ndk-r19c/sources/cxx-stl/llvm-libc++abi/include -isysroot /Users/unkonow/Library/Android/sdk/ndk/android-ndk-r19c/platforms/android-21/arch-arm64 -internal-isystem /Users/unkonow/Library/Android/sdk/ndk/android-ndk-r19c/platforms/android-21/arch-arm64/usr/local/include -internal-isystem /Users/unkonow/Library/Android/sdk/ndk/android-ndk-r19c/toolchains/llvm/prebuilt/darwin-x86_64/lib64/clang/8.0.2/include -internal-externc-isystem /Users/unkonow/Library/Android/sdk/ndk/android-ndk-r19c/platforms/android-21/arch-arm64/include -internal-externc-isystem /Users/unkonow/Library/Android/sdk/ndk/android-ndk-r19c/platforms/android-21/arch-arm64/usr/include -fdeprecated-macro -fdebug-compilation-dir /Users/unkonow/Scade/testtttt/.build/android-arm64-v8a/CMakeFiles/CMakeTmp -ferror-limit 19 -fmessage-length 0 -fobjc-runtime=gcc -fcxx-exceptions -fexceptions -fdiagnostics-show-option -mnoexecstack -o CMakeFiles/cmTC_0ff32.dir/CMakeCXXCompilerABI.cpp.o -x c++ /Users/unkonow/Scade/.metadata/.plugins/com.scade.sdk.toolchain.latest/Toolchain/thirdparty/CMake.app/Contents/share/cmake-3.15/Modules/CMakeCXXCompilerABI.cpp -faddrsig]
  ignore line: [clang -cc1 version 8.0.2 based upon LLVM 8.0.2svn default target x86_64-apple-darwin19.6.0]
  ignore line: [ignoring nonexistent directory "/Users/unkonow/Library/Android/sdk/ndk/android-ndk-r19c/platforms/android-21/arch-arm64/usr/local/include"]
  ignore line: [ignoring nonexistent directory "/Users/unkonow/Library/Android/sdk/ndk/android-ndk-r19c/platforms/android-21/arch-arm64/include"]
  ignore line: [ignoring nonexistent directory "/Users/unkonow/Library/Android/sdk/ndk/android-ndk-r19c/platforms/android-21/arch-arm64/usr/include"]
  ignore line: [#include "..." search starts here:]
  ignore line: [#include <...> search starts here:]
  ignore line: [ /Users/unkonow/Library/Android/sdk/ndk/android-ndk-r19c/sources/cxx-stl/llvm-libc++/include]
  ignore line: [ /Users/unkonow/Library/Android/sdk/ndk/android-ndk-r19c/sources/cxx-stl/llvm-libc++abi/include]
  ignore line: [ /Users/unkonow/Library/Android/sdk/ndk/android-ndk-r19c/toolchains/llvm/prebuilt/darwin-x86_64/lib64/clang/8.0.2/include]
  ignore line: [End of search list.]
  ignore line: [Linking CXX executable cmTC_0ff32]
  ignore line: [/Users/unkonow/Scade/.metadata/.plugins/com.scade.sdk.toolchain.latest/Toolchain/thirdparty/CMake.app/Contents/bin/cmake -E cmake_link_script CMakeFiles/cmTC_0ff32.dir/link.txt --verbose=1]
  ignore line: [/Users/unkonow/Library/Android/sdk/ndk/android-ndk-r19c/toolchains/llvm/prebuilt/darwin-x86_64/bin/clang++  -fexceptions -frtti -gcc-toolchain /Users/unkonow/Library/Android/sdk/ndk/android-ndk-r19c/toolchains/aarch64-linux-android-4.9/prebuilt/darwin-x86_64 -target aarch64-none-linux-android -Qunused-arguments --sysroot=/Users/unkonow/Library/Android/sdk/ndk/android-ndk-r19c/platforms/android-21/arch-arm64 -funwind-tables -fsigned-char -no-canonical-prefixes -nostdlib++ -Xclang -mnoexecstack  -I/Users/unkonow/Library/Android/sdk/ndk/android-ndk-r19c/sources/cxx-stl/llvm-libc++/include -I/Users/unkonow/Library/Android/sdk/ndk/android-ndk-r19c/sources/cxx-stl/llvm-libc++abi/include    -v CMakeFiles/cmTC_0ff32.dir/CMakeCXXCompilerABI.cpp.o  -o cmTC_0ff32 ]
  ignore line: [Android (5058415 based on r339409) clang version 8.0.2 (https://android.googlesource.com/toolchain/clang 40173bab62ec746213857d083c0e8b0abb568790) (https://android.googlesource.com/toolchain/llvm 7a6618d69e7e8111e1d49dc9e7813767c5ca756a) (based on LLVM 8.0.2svn)]
  ignore line: [Target: aarch64-none-linux-android]
  ignore line: [Thread model: posix]
  ignore line: [InstalledDir: /Users/unkonow/Library/Android/sdk/ndk/android-ndk-r19c/toolchains/llvm/prebuilt/darwin-x86_64/bin]
  ignore line: [Found candidate GCC installation: /Users/unkonow/Library/Android/sdk/ndk/android-ndk-r19c/toolchains/aarch64-linux-android-4.9/prebuilt/darwin-x86_64/lib/gcc/aarch64-linux-android/4.9.x]
  ignore line: [Selected GCC installation: /Users/unkonow/Library/Android/sdk/ndk/android-ndk-r19c/toolchains/aarch64-linux-android-4.9/prebuilt/darwin-x86_64/lib/gcc/aarch64-linux-android/4.9.x]
  ignore line: [Candidate multilib: .]
  ignore line: [@m64]
  ignore line: [Selected multilib: .]
  ignore line: [@m64]
  link line: [ "/Users/unkonow/Library/Android/sdk/ndk/android-ndk-r19c/toolchains/aarch64-linux-android-4.9/prebuilt/darwin-x86_64/lib/gcc/aarch64-linux-android/4.9.x/../../../../aarch64-linux-android/bin/ld" --sysroot=/Users/unkonow/Library/Android/sdk/ndk/android-ndk-r19c/platforms/android-21/arch-arm64 -pie --fix-cortex-a53-843419 --enable-new-dtags --eh-frame-hdr -m aarch64linux -dynamic-linker /system/bin/linker64 -o cmTC_0ff32 /Users/unkonow/Library/Android/sdk/ndk/android-ndk-r19c/platforms/android-21/arch-arm64/usr/lib/crtbegin_dynamic.o -L/Users/unkonow/Library/Android/sdk/ndk/android-ndk-r19c/toolchains/llvm/prebuilt/darwin-x86_64/lib64/clang/8.0.2/lib/linux/aarch64 -L/Users/unkonow/Library/Android/sdk/ndk/android-ndk-r19c/toolchains/aarch64-linux-android-4.9/prebuilt/darwin-x86_64/lib/gcc/aarch64-linux-android/4.9.x -L/Users/unkonow/Library/Android/sdk/ndk/android-ndk-r19c/toolchains/aarch64-linux-android-4.9/prebuilt/darwin-x86_64/lib/gcc/aarch64-linux-android/4.9.x/../../../../aarch64-linux-android/lib/../lib64 -L/Users/unkonow/Library/Android/sdk/ndk/android-ndk-r19c/toolchains/aarch64-linux-android-4.9/prebuilt/darwin-x86_64/lib/gcc/aarch64-linux-android/4.9.x/../../../../aarch64-linux-android/lib -L/Users/unkonow/Library/Android/sdk/ndk/android-ndk-r19c/platforms/android-21/arch-arm64/usr/lib CMakeFiles/cmTC_0ff32.dir/CMakeCXXCompilerABI.cpp.o -lm -lgcc -lgcc -ldl -lc -lgcc -lgcc -ldl /Users/unkonow/Library/Android/sdk/ndk/android-ndk-r19c/platforms/android-21/arch-arm64/usr/lib/crtend_android.o]
    arg [/Users/unkonow/Library/Android/sdk/ndk/android-ndk-r19c/toolchains/aarch64-linux-android-4.9/prebuilt/darwin-x86_64/lib/gcc/aarch64-linux-android/4.9.x/../../../../aarch64-linux-android/bin/ld] ==> ignore
    arg [--sysroot=/Users/unkonow/Library/Android/sdk/ndk/android-ndk-r19c/platforms/android-21/arch-arm64] ==> ignore
    arg [-pie] ==> ignore
    arg [--fix-cortex-a53-843419] ==> ignore
    arg [--enable-new-dtags] ==> ignore
    arg [--eh-frame-hdr] ==> ignore
    arg [-m] ==> ignore
    arg [aarch64linux] ==> ignore
    arg [-dynamic-linker] ==> ignore
    arg [/system/bin/linker64] ==> ignore
    arg [-o] ==> ignore
    arg [cmTC_0ff32] ==> ignore
    arg [/Users/unkonow/Library/Android/sdk/ndk/android-ndk-r19c/platforms/android-21/arch-arm64/usr/lib/crtbegin_dynamic.o] ==> ignore
    arg [-L/Users/unkonow/Library/Android/sdk/ndk/android-ndk-r19c/toolchains/llvm/prebuilt/darwin-x86_64/lib64/clang/8.0.2/lib/linux/aarch64] ==> dir [/Users/unkonow/Library/Android/sdk/ndk/android-ndk-r19c/toolchains/llvm/prebuilt/darwin-x86_64/lib64/clang/8.0.2/lib/linux/aarch64]
    arg [-L/Users/unkonow/Library/Android/sdk/ndk/android-ndk-r19c/toolchains/aarch64-linux-android-4.9/prebuilt/darwin-x86_64/lib/gcc/aarch64-linux-android/4.9.x] ==> dir [/Users/unkonow/Library/Android/sdk/ndk/android-ndk-r19c/toolchains/aarch64-linux-android-4.9/prebuilt/darwin-x86_64/lib/gcc/aarch64-linux-android/4.9.x]
    arg [-L/Users/unkonow/Library/Android/sdk/ndk/android-ndk-r19c/toolchains/aarch64-linux-android-4.9/prebuilt/darwin-x86_64/lib/gcc/aarch64-linux-android/4.9.x/../../../../aarch64-linux-android/lib/../lib64] ==> dir [/Users/unkonow/Library/Android/sdk/ndk/android-ndk-r19c/toolchains/aarch64-linux-android-4.9/prebuilt/darwin-x86_64/lib/gcc/aarch64-linux-android/4.9.x/../../../../aarch64-linux-android/lib/../lib64]
    arg [-L/Users/unkonow/Library/Android/sdk/ndk/android-ndk-r19c/toolchains/aarch64-linux-android-4.9/prebuilt/darwin-x86_64/lib/gcc/aarch64-linux-android/4.9.x/../../../../aarch64-linux-android/lib] ==> dir [/Users/unkonow/Library/Android/sdk/ndk/android-ndk-r19c/toolchains/aarch64-linux-android-4.9/prebuilt/darwin-x86_64/lib/gcc/aarch64-linux-android/4.9.x/../../../../aarch64-linux-android/lib]
    arg [-L/Users/unkonow/Library/Android/sdk/ndk/android-ndk-r19c/platforms/android-21/arch-arm64/usr/lib] ==> dir [/Users/unkonow/Library/Android/sdk/ndk/android-ndk-r19c/platforms/android-21/arch-arm64/usr/lib]
    arg [CMakeFiles/cmTC_0ff32.dir/CMakeCXXCompilerABI.cpp.o] ==> ignore
    arg [-lm] ==> lib [m]
    arg [-lgcc] ==> lib [gcc]
    arg [-lgcc] ==> lib [gcc]
    arg [-ldl] ==> lib [dl]
    arg [-lc] ==> lib [c]
    arg [-lgcc] ==> lib [gcc]
    arg [-lgcc] ==> lib [gcc]
    arg [-ldl] ==> lib [dl]
    arg [/Users/unkonow/Library/Android/sdk/ndk/android-ndk-r19c/platforms/android-21/arch-arm64/usr/lib/crtend_android.o] ==> ignore
  collapse library dir [/Users/unkonow/Library/Android/sdk/ndk/android-ndk-r19c/toolchains/llvm/prebuilt/darwin-x86_64/lib64/clang/8.0.2/lib/linux/aarch64] ==> [/Users/unkonow/Library/Android/sdk/ndk/android-ndk-r19c/toolchains/llvm/prebuilt/darwin-x86_64/lib64/clang/8.0.2/lib/linux/aarch64]
  collapse library dir [/Users/unkonow/Library/Android/sdk/ndk/android-ndk-r19c/toolchains/aarch64-linux-android-4.9/prebuilt/darwin-x86_64/lib/gcc/aarch64-linux-android/4.9.x] ==> [/Users/unkonow/Library/Android/sdk/ndk/android-ndk-r19c/toolchains/aarch64-linux-android-4.9/prebuilt/darwin-x86_64/lib/gcc/aarch64-linux-android/4.9.x]
  collapse library dir [/Users/unkonow/Library/Android/sdk/ndk/android-ndk-r19c/toolchains/aarch64-linux-android-4.9/prebuilt/darwin-x86_64/lib/gcc/aarch64-linux-android/4.9.x/../../../../aarch64-linux-android/lib/../lib64] ==> [/Users/unkonow/Library/Android/sdk/ndk/android-ndk-r19c/toolchains/aarch64-linux-android-4.9/prebuilt/darwin-x86_64/aarch64-linux-android/lib64]
  collapse library dir [/Users/unkonow/Library/Android/sdk/ndk/android-ndk-r19c/toolchains/aarch64-linux-android-4.9/prebuilt/darwin-x86_64/lib/gcc/aarch64-linux-android/4.9.x/../../../../aarch64-linux-android/lib] ==> [/Users/unkonow/Library/Android/sdk/ndk/android-ndk-r19c/toolchains/aarch64-linux-android-4.9/prebuilt/darwin-x86_64/aarch64-linux-android/lib]
  collapse library dir [/Users/unkonow/Library/Android/sdk/ndk/android-ndk-r19c/platforms/android-21/arch-arm64/usr/lib] ==> [/Users/unkonow/Library/Android/sdk/ndk/android-ndk-r19c/platforms/android-21/arch-arm64/usr/lib]
  implicit libs: [m;gcc;gcc;dl;c;gcc;gcc;dl]
  implicit dirs: [/Users/unkonow/Library/Android/sdk/ndk/android-ndk-r19c/toolchains/llvm/prebuilt/darwin-x86_64/lib64/clang/8.0.2/lib/linux/aarch64;/Users/unkonow/Library/Android/sdk/ndk/android-ndk-r19c/toolchains/aarch64-linux-android-4.9/prebuilt/darwin-x86_64/lib/gcc/aarch64-linux-android/4.9.x;/Users/unkonow/Library/Android/sdk/ndk/android-ndk-r19c/toolchains/aarch64-linux-android-4.9/prebuilt/darwin-x86_64/aarch64-linux-android/lib64;/Users/unkonow/Library/Android/sdk/ndk/android-ndk-r19c/toolchains/aarch64-linux-android-4.9/prebuilt/darwin-x86_64/aarch64-linux-android/lib;/Users/unkonow/Library/Android/sdk/ndk/android-ndk-r19c/platforms/android-21/arch-arm64/usr/lib]
  implicit fwks: []


