The target system is: Android - 1 - armv7-a
The host system is: Darwin - 19.6.0 - x86_64
The target system is: Android - 1 - armv7-a
The host system is: Darwin - 19.6.0 - x86_64
Compiling the C compiler identification source file "CMakeCCompilerId.c" succeeded.
Compiler: /Users/unkonow/Library/Android/sdk/ndk/android-ndk-r19c/toolchains/llvm/prebuilt/darwin-x86_64/bin/clang 
Build flags: -fexceptions;-gcc-toolchain;/Users/unkonow/Library/Android/sdk/ndk/android-ndk-r19c/toolchains/arm-linux-androideabi-4.9/prebuilt/darwin-x86_64;-target;armv7-none-linux-androideabi;-Qunused-arguments;--sysroot=/Users/unkonow/Library/Android/sdk/ndk/android-ndk-r19c/platforms/android-21/arch-arm;-funwind-tables;-fsigned-char;-no-canonical-prefixes;-nostdlib++;-march=armv7-a;-mfloat-abi=softfp;-mfpu=vfpv3-d16;-Xclang;-mnoexecstack;
Id flags: -c 

The output was:
0


Compilation of the C compiler identification source "CMakeCCompilerId.c" produced "CMakeCCompilerId.o"

The C compiler identification is Clang, found in "/Users/unkonow/Scade/testtttt/.build/android-armeabi-v7a/CMakeFiles/3.15.1/CompilerIdC/CMakeCCompilerId.o"

Compiling the C compiler identification source file "CMakeCCompilerId.c" succeeded.
Compiler: /Users/unkonow/Library/Android/sdk/ndk/android-ndk-r19c/toolchains/llvm/prebuilt/darwin-x86_64/bin/clang 
Build flags: 
Id flags:  

The output was:
0


Compilation of the C compiler identification source "CMakeCCompilerId.c" produced "CMakeCCompilerId.o"

Compilation of the C compiler identification source "CMakeCCompilerId.c" produced "a.out"

The C compiler identification is Clang, found in "/Users/unkonow/Scade/testtttt/.build/android-armeabi-v7a/CMakeFiles/3.15.1/CompilerIdC/CMakeCCompilerId.o"

Compiling the CXX compiler identification source file "CMakeCXXCompilerId.cpp" succeeded.
Compiler: /Users/unkonow/Library/Android/sdk/ndk/android-ndk-r19c/toolchains/llvm/prebuilt/darwin-x86_64/bin/clang++ 
Build flags: 
Id flags:  

The output was:
0


Compilation of the CXX compiler identification source "CMakeCXXCompilerId.cpp" produced "a.out"

The CXX compiler identification is Clang, found in "/Users/unkonow/Scade/testtttt/.build/android-armeabi-v7a/CMakeFiles/3.15.1/CompilerIdCXX/a.out"

Determining if the C compiler works passed with the following output:
Change Dir: /Users/unkonow/Scade/testtttt/.build/android-armeabi-v7a/CMakeFiles/CMakeTmp

Run Build Command(s):make cmTC_6b386/fast && /Applications/Xcode.app/Contents/Developer/usr/bin/make -f CMakeFiles/cmTC_6b386.dir/build.make CMakeFiles/cmTC_6b386.dir/build
Building C object CMakeFiles/cmTC_6b386.dir/testCCompiler.c.o
/Users/unkonow/Library/Android/sdk/ndk/android-ndk-r19c/toolchains/llvm/prebuilt/darwin-x86_64/bin/clang   -fexceptions -gcc-toolchain /Users/unkonow/Library/Android/sdk/ndk/android-ndk-r19c/toolchains/arm-linux-androideabi-4.9/prebuilt/darwin-x86_64 -target armv7-none-linux-androideabi -Qunused-arguments --sysroot=/Users/unkonow/Library/Android/sdk/ndk/android-ndk-r19c/platforms/android-21/arch-arm -funwind-tables -fsigned-char -no-canonical-prefixes -nostdlib++ -march=armv7-a -mfloat-abi=softfp -mfpu=vfpv3-d16 -Xclang -mnoexecstack   -fPIE   -o CMakeFiles/cmTC_6b386.dir/testCCompiler.c.o   -c /Users/unkonow/Scade/testtttt/.build/android-armeabi-v7a/CMakeFiles/CMakeTmp/testCCompiler.c
Linking C executable cmTC_6b386
/Users/unkonow/Scade/.metadata/.plugins/com.scade.sdk.toolchain.latest/Toolchain/thirdparty/CMake.app/Contents/bin/cmake -E cmake_link_script CMakeFiles/cmTC_6b386.dir/link.txt --verbose=1
/Users/unkonow/Library/Android/sdk/ndk/android-ndk-r19c/toolchains/llvm/prebuilt/darwin-x86_64/bin/clang -fexceptions -gcc-toolchain /Users/unkonow/Library/Android/sdk/ndk/android-ndk-r19c/toolchains/arm-linux-androideabi-4.9/prebuilt/darwin-x86_64 -target armv7-none-linux-androideabi -Qunused-arguments --sysroot=/Users/unkonow/Library/Android/sdk/ndk/android-ndk-r19c/platforms/android-21/arch-arm -funwind-tables -fsigned-char -no-canonical-prefixes -nostdlib++ -march=armv7-a -mfloat-abi=softfp -mfpu=vfpv3-d16 -Xclang -mnoexecstack      CMakeFiles/cmTC_6b386.dir/testCCompiler.c.o  -o cmTC_6b386 



Detecting C compiler ABI info compiled with the following output:
Change Dir: /Users/unkonow/Scade/testtttt/.build/android-armeabi-v7a/CMakeFiles/CMakeTmp

Run Build Command(s):make cmTC_5f920/fast && /Applications/Xcode.app/Contents/Developer/usr/bin/make -f CMakeFiles/cmTC_5f920.dir/build.make CMakeFiles/cmTC_5f920.dir/build
Building C object CMakeFiles/cmTC_5f920.dir/CMakeCCompilerABI.c.o
/Users/unkonow/Library/Android/sdk/ndk/android-ndk-r19c/toolchains/llvm/prebuilt/darwin-x86_64/bin/clang   -fexceptions -gcc-toolchain /Users/unkonow/Library/Android/sdk/ndk/android-ndk-r19c/toolchains/arm-linux-androideabi-4.9/prebuilt/darwin-x86_64 -target armv7-none-linux-androideabi -Qunused-arguments --sysroot=/Users/unkonow/Library/Android/sdk/ndk/android-ndk-r19c/platforms/android-21/arch-arm -funwind-tables -fsigned-char -no-canonical-prefixes -nostdlib++ -march=armv7-a -mfloat-abi=softfp -mfpu=vfpv3-d16 -Xclang -mnoexecstack   -fPIE   -v -o CMakeFiles/cmTC_5f920.dir/CMakeCCompilerABI.c.o   -c /Users/unkonow/Scade/.metadata/.plugins/com.scade.sdk.toolchain.latest/Toolchain/thirdparty/CMake.app/Contents/share/cmake-3.15/Modules/CMakeCCompilerABI.c
Android (5058415 based on r339409) clang version 8.0.2 (https://android.googlesource.com/toolchain/clang 40173bab62ec746213857d083c0e8b0abb568790) (https://android.googlesource.com/toolchain/llvm 7a6618d69e7e8111e1d49dc9e7813767c5ca756a) (based on LLVM 8.0.2svn)
Target: armv7-none-linux-android
Thread model: posix
InstalledDir: /Users/unkonow/Library/Android/sdk/ndk/android-ndk-r19c/toolchains/llvm/prebuilt/darwin-x86_64/bin
Found candidate GCC installation: /Users/unkonow/Library/Android/sdk/ndk/android-ndk-r19c/toolchains/arm-linux-androideabi-4.9/prebuilt/darwin-x86_64/lib/gcc/arm-linux-androideabi/4.9.x
Selected GCC installation: /Users/unkonow/Library/Android/sdk/ndk/android-ndk-r19c/toolchains/arm-linux-androideabi-4.9/prebuilt/darwin-x86_64/lib/gcc/arm-linux-androideabi/4.9.x
Candidate multilib: thumb;@mthumb
Candidate multilib: armv7-a;@march=armv7-a
Candidate multilib: armv7-a/thumb;@march=armv7-a@mthumb
Candidate multilib: .;
Selected multilib: armv7-a;@march=armv7-a
 "/Users/unkonow/Library/Android/sdk/ndk/android-ndk-r19c/toolchains/llvm/prebuilt/darwin-x86_64/bin/clang" -cc1 -triple armv7-none-linux-android -emit-obj -mrelax-all -disable-free -disable-llvm-verifier -discard-value-names -main-file-name CMakeCCompilerABI.c -mrelocation-model pic -pic-level 2 -pic-is-pie -mthread-model posix -mdisable-fp-elim -fmath-errno -masm-verbose -mconstructor-aliases -munwind-tables -fuse-init-array -target-cpu generic -target-feature +soft-float-abi -target-feature -fp-only-sp -target-feature +d16 -target-feature +vfp3 -target-feature -fp16 -target-feature -vfp4 -target-feature -fp-armv8 -target-feature -neon -target-feature -crypto -target-abi aapcs-linux -mfloat-abi soft -fallow-half-arguments-and-returns -dwarf-column-info -debugger-tuning=gdb -target-linker-version 241.9 -v -coverage-notes-file /Users/unkonow/Scade/testtttt/.build/android-armeabi-v7a/CMakeFiles/CMakeTmp/CMakeFiles/cmTC_5f920.dir/CMakeCCompilerABI.c.gcno -resource-dir /Users/unkonow/Library/Android/sdk/ndk/android-ndk-r19c/toolchains/llvm/prebuilt/darwin-x86_64/lib64/clang/8.0.2 -isysroot /Users/unkonow/Library/Android/sdk/ndk/android-ndk-r19c/platforms/android-21/arch-arm -internal-isystem /Users/unkonow/Library/Android/sdk/ndk/android-ndk-r19c/platforms/android-21/arch-arm/usr/local/include -internal-isystem /Users/unkonow/Library/Android/sdk/ndk/android-ndk-r19c/toolchains/llvm/prebuilt/darwin-x86_64/lib64/clang/8.0.2/include -internal-externc-isystem /Users/unkonow/Library/Android/sdk/ndk/android-ndk-r19c/platforms/android-21/arch-arm/include -internal-externc-isystem /Users/unkonow/Library/Android/sdk/ndk/android-ndk-r19c/platforms/android-21/arch-arm/usr/include -fdebug-compilation-dir /Users/unkonow/Scade/testtttt/.build/android-armeabi-v7a/CMakeFiles/CMakeTmp -ferror-limit 19 -fmessage-length 0 -fobjc-runtime=gcc -fexceptions -fdiagnostics-show-option -mnoexecstack -o CMakeFiles/cmTC_5f920.dir/CMakeCCompilerABI.c.o -x c /Users/unkonow/Scade/.metadata/.plugins/com.scade.sdk.toolchain.latest/Toolchain/thirdparty/CMake.app/Contents/share/cmake-3.15/Modules/CMakeCCompilerABI.c -faddrsig
clang -cc1 version 8.0.2 based upon LLVM 8.0.2svn default target x86_64-apple-darwin19.6.0
ignoring nonexistent directory "/Users/unkonow/Library/Android/sdk/ndk/android-ndk-r19c/platforms/android-21/arch-arm/usr/local/include"
ignoring nonexistent directory "/Users/unkonow/Library/Android/sdk/ndk/android-ndk-r19c/platforms/android-21/arch-arm/include"
ignoring nonexistent directory "/Users/unkonow/Library/Android/sdk/ndk/android-ndk-r19c/platforms/android-21/arch-arm/usr/include"
#include "..." search starts here:
#include <...> search starts here:
 /Users/unkonow/Library/Android/sdk/ndk/android-ndk-r19c/toolchains/llvm/prebuilt/darwin-x86_64/lib64/clang/8.0.2/include
End of search list.
Linking C executable cmTC_5f920
/Users/unkonow/Scade/.metadata/.plugins/com.scade.sdk.toolchain.latest/Toolchain/thirdparty/CMake.app/Contents/bin/cmake -E cmake_link_script CMakeFiles/cmTC_5f920.dir/link.txt --verbose=1
/Users/unkonow/Library/Android/sdk/ndk/android-ndk-r19c/toolchains/llvm/prebuilt/darwin-x86_64/bin/clang -fexceptions -gcc-toolchain /Users/unkonow/Library/Android/sdk/ndk/android-ndk-r19c/toolchains/arm-linux-androideabi-4.9/prebuilt/darwin-x86_64 -target armv7-none-linux-androideabi -Qunused-arguments --sysroot=/Users/unkonow/Library/Android/sdk/ndk/android-ndk-r19c/platforms/android-21/arch-arm -funwind-tables -fsigned-char -no-canonical-prefixes -nostdlib++ -march=armv7-a -mfloat-abi=softfp -mfpu=vfpv3-d16 -Xclang -mnoexecstack     -v CMakeFiles/cmTC_5f920.dir/CMakeCCompilerABI.c.o  -o cmTC_5f920 
Android (5058415 based on r339409) clang version 8.0.2 (https://android.googlesource.com/toolchain/clang 40173bab62ec746213857d083c0e8b0abb568790) (https://android.googlesource.com/toolchain/llvm 7a6618d69e7e8111e1d49dc9e7813767c5ca756a) (based on LLVM 8.0.2svn)
Target: armv7-none-linux-android
Thread model: posix
InstalledDir: /Users/unkonow/Library/Android/sdk/ndk/android-ndk-r19c/toolchains/llvm/prebuilt/darwin-x86_64/bin
Found candidate GCC installation: /Users/unkonow/Library/Android/sdk/ndk/android-ndk-r19c/toolchains/arm-linux-androideabi-4.9/prebuilt/darwin-x86_64/lib/gcc/arm-linux-androideabi/4.9.x
Selected GCC installation: /Users/unkonow/Library/Android/sdk/ndk/android-ndk-r19c/toolchains/arm-linux-androideabi-4.9/prebuilt/darwin-x86_64/lib/gcc/arm-linux-androideabi/4.9.x
Candidate multilib: thumb;@mthumb
Candidate multilib: armv7-a;@march=armv7-a
Candidate multilib: armv7-a/thumb;@march=armv7-a@mthumb
Candidate multilib: .;
Selected multilib: armv7-a;@march=armv7-a
 "/Users/unkonow/Library/Android/sdk/ndk/android-ndk-r19c/toolchains/arm-linux-androideabi-4.9/prebuilt/darwin-x86_64/lib/gcc/arm-linux-androideabi/4.9.x/../../../../arm-linux-androideabi/bin/ld" --sysroot=/Users/unkonow/Library/Android/sdk/ndk/android-ndk-r19c/platforms/android-21/arch-arm -X --enable-new-dtags --eh-frame-hdr -m armelf_linux_eabi -dynamic-linker /system/bin/linker -o cmTC_5f920 /Users/unkonow/Library/Android/sdk/ndk/android-ndk-r19c/platforms/android-21/arch-arm/usr/lib/../lib/crtbegin_dynamic.o -L/Users/unkonow/Library/Android/sdk/ndk/android-ndk-r19c/toolchains/llvm/prebuilt/darwin-x86_64/lib64/clang/8.0.2/lib/linux/arm -L/Users/unkonow/Library/Android/sdk/ndk/android-ndk-r19c/toolchains/arm-linux-androideabi-4.9/prebuilt/darwin-x86_64/lib/gcc/arm-linux-androideabi/4.9.x/armv7-a -L/Users/unkonow/Library/Android/sdk/ndk/android-ndk-r19c/toolchains/arm-linux-androideabi-4.9/prebuilt/darwin-x86_64/lib/gcc/arm-linux-androideabi/4.9.x/../../../../arm-linux-androideabi/lib/../lib/armv7-a -L/Users/unkonow/Library/Android/sdk/ndk/android-ndk-r19c/platforms/android-21/arch-arm/usr/lib/../lib -L/Users/unkonow/Library/Android/sdk/ndk/android-ndk-r19c/toolchains/arm-linux-androideabi-4.9/prebuilt/darwin-x86_64/lib/gcc/arm-linux-androideabi/4.9.x/../../../../arm-linux-androideabi/lib/armv7-a -L/Users/unkonow/Library/Android/sdk/ndk/android-ndk-r19c/platforms/android-21/arch-arm/usr/lib CMakeFiles/cmTC_5f920.dir/CMakeCCompilerABI.c.o -lgcc -ldl -lc -lgcc -ldl /Users/unkonow/Library/Android/sdk/ndk/android-ndk-r19c/platforms/android-21/arch-arm/usr/lib/../lib/crtend_android.o



Parsed C implicit include dir info from above output: rv=done
  found start of include info
  found start of implicit include info
    add: [/Users/unkonow/Library/Android/sdk/ndk/android-ndk-r19c/toolchains/llvm/prebuilt/darwin-x86_64/lib64/clang/8.0.2/include]
  end of search list found
  collapse include dir [/Users/unkonow/Library/Android/sdk/ndk/android-ndk-r19c/toolchains/llvm/prebuilt/darwin-x86_64/lib64/clang/8.0.2/include] ==> [/Users/unkonow/Library/Android/sdk/ndk/android-ndk-r19c/toolchains/llvm/prebuilt/darwin-x86_64/lib64/clang/8.0.2/include]
  implicit include dirs: [/Users/unkonow/Library/Android/sdk/ndk/android-ndk-r19c/toolchains/llvm/prebuilt/darwin-x86_64/lib64/clang/8.0.2/include]


Parsed C implicit link information from above output:
  link line regex: [^( *|.*[/\])(arm-linux-androideabi-ld|CMAKE_LINK_STARTFILE-NOTFOUND|([^/\]+-)?ld|collect2)[^/\]*( |$)]
  ignore line: [Change Dir: /Users/unkonow/Scade/testtttt/.build/android-armeabi-v7a/CMakeFiles/CMakeTmp]
  ignore line: []
  ignore line: [Run Build Command(s):make cmTC_5f920/fast && /Applications/Xcode.app/Contents/Developer/usr/bin/make -f CMakeFiles/cmTC_5f920.dir/build.make CMakeFiles/cmTC_5f920.dir/build]
  ignore line: [Building C object CMakeFiles/cmTC_5f920.dir/CMakeCCompilerABI.c.o]
  ignore line: [/Users/unkonow/Library/Android/sdk/ndk/android-ndk-r19c/toolchains/llvm/prebuilt/darwin-x86_64/bin/clang   -fexceptions -gcc-toolchain /Users/unkonow/Library/Android/sdk/ndk/android-ndk-r19c/toolchains/arm-linux-androideabi-4.9/prebuilt/darwin-x86_64 -target armv7-none-linux-androideabi -Qunused-arguments --sysroot=/Users/unkonow/Library/Android/sdk/ndk/android-ndk-r19c/platforms/android-21/arch-arm -funwind-tables -fsigned-char -no-canonical-prefixes -nostdlib++ -march=armv7-a -mfloat-abi=softfp -mfpu=vfpv3-d16 -Xclang -mnoexecstack   -fPIE   -v -o CMakeFiles/cmTC_5f920.dir/CMakeCCompilerABI.c.o   -c /Users/unkonow/Scade/.metadata/.plugins/com.scade.sdk.toolchain.latest/Toolchain/thirdparty/CMake.app/Contents/share/cmake-3.15/Modules/CMakeCCompilerABI.c]
  ignore line: [Android (5058415 based on r339409) clang version 8.0.2 (https://android.googlesource.com/toolchain/clang 40173bab62ec746213857d083c0e8b0abb568790) (https://android.googlesource.com/toolchain/llvm 7a6618d69e7e8111e1d49dc9e7813767c5ca756a) (based on LLVM 8.0.2svn)]
  ignore line: [Target: armv7-none-linux-android]
  ignore line: [Thread model: posix]
  ignore line: [InstalledDir: /Users/unkonow/Library/Android/sdk/ndk/android-ndk-r19c/toolchains/llvm/prebuilt/darwin-x86_64/bin]
  ignore line: [Found candidate GCC installation: /Users/unkonow/Library/Android/sdk/ndk/android-ndk-r19c/toolchains/arm-linux-androideabi-4.9/prebuilt/darwin-x86_64/lib/gcc/arm-linux-androideabi/4.9.x]
  ignore line: [Selected GCC installation: /Users/unkonow/Library/Android/sdk/ndk/android-ndk-r19c/toolchains/arm-linux-androideabi-4.9/prebuilt/darwin-x86_64/lib/gcc/arm-linux-androideabi/4.9.x]
  ignore line: [Candidate multilib: thumb]
  ignore line: [@mthumb]
  ignore line: [Candidate multilib: armv7-a]
  ignore line: [@march=armv7-a]
  ignore line: [Candidate multilib: armv7-a/thumb]
  ignore line: [@march=armv7-a@mthumb]
  ignore line: [Candidate multilib: .]
  ignore line: []
  ignore line: [Selected multilib: armv7-a]
  ignore line: [@march=armv7-a]
  ignore line: [ "/Users/unkonow/Library/Android/sdk/ndk/android-ndk-r19c/toolchains/llvm/prebuilt/darwin-x86_64/bin/clang" -cc1 -triple armv7-none-linux-android -emit-obj -mrelax-all -disable-free -disable-llvm-verifier -discard-value-names -main-file-name CMakeCCompilerABI.c -mrelocation-model pic -pic-level 2 -pic-is-pie -mthread-model posix -mdisable-fp-elim -fmath-errno -masm-verbose -mconstructor-aliases -munwind-tables -fuse-init-array -target-cpu generic -target-feature +soft-float-abi -target-feature -fp-only-sp -target-feature +d16 -target-feature +vfp3 -target-feature -fp16 -target-feature -vfp4 -target-feature -fp-armv8 -target-feature -neon -target-feature -crypto -target-abi aapcs-linux -mfloat-abi soft -fallow-half-arguments-and-returns -dwarf-column-info -debugger-tuning=gdb -target-linker-version 241.9 -v -coverage-notes-file /Users/unkonow/Scade/testtttt/.build/android-armeabi-v7a/CMakeFiles/CMakeTmp/CMakeFiles/cmTC_5f920.dir/CMakeCCompilerABI.c.gcno -resource-dir /Users/unkonow/Library/Android/sdk/ndk/android-ndk-r19c/toolchains/llvm/prebuilt/darwin-x86_64/lib64/clang/8.0.2 -isysroot /Users/unkonow/Library/Android/sdk/ndk/android-ndk-r19c/platforms/android-21/arch-arm -internal-isystem /Users/unkonow/Library/Android/sdk/ndk/android-ndk-r19c/platforms/android-21/arch-arm/usr/local/include -internal-isystem /Users/unkonow/Library/Android/sdk/ndk/android-ndk-r19c/toolchains/llvm/prebuilt/darwin-x86_64/lib64/clang/8.0.2/include -internal-externc-isystem /Users/unkonow/Library/Android/sdk/ndk/android-ndk-r19c/platforms/android-21/arch-arm/include -internal-externc-isystem /Users/unkonow/Library/Android/sdk/ndk/android-ndk-r19c/platforms/android-21/arch-arm/usr/include -fdebug-compilation-dir /Users/unkonow/Scade/testtttt/.build/android-armeabi-v7a/CMakeFiles/CMakeTmp -ferror-limit 19 -fmessage-length 0 -fobjc-runtime=gcc -fexceptions -fdiagnostics-show-option -mnoexecstack -o CMakeFiles/cmTC_5f920.dir/CMakeCCompilerABI.c.o -x c /Users/unkonow/Scade/.metadata/.plugins/com.scade.sdk.toolchain.latest/Toolchain/thirdparty/CMake.app/Contents/share/cmake-3.15/Modules/CMakeCCompilerABI.c -faddrsig]
  ignore line: [clang -cc1 version 8.0.2 based upon LLVM 8.0.2svn default target x86_64-apple-darwin19.6.0]
  ignore line: [ignoring nonexistent directory "/Users/unkonow/Library/Android/sdk/ndk/android-ndk-r19c/platforms/android-21/arch-arm/usr/local/include"]
  ignore line: [ignoring nonexistent directory "/Users/unkonow/Library/Android/sdk/ndk/android-ndk-r19c/platforms/android-21/arch-arm/include"]
  ignore line: [ignoring nonexistent directory "/Users/unkonow/Library/Android/sdk/ndk/android-ndk-r19c/platforms/android-21/arch-arm/usr/include"]
  ignore line: [#include "..." search starts here:]
  ignore line: [#include <...> search starts here:]
  ignore line: [ /Users/unkonow/Library/Android/sdk/ndk/android-ndk-r19c/toolchains/llvm/prebuilt/darwin-x86_64/lib64/clang/8.0.2/include]
  ignore line: [End of search list.]
  ignore line: [Linking C executable cmTC_5f920]
  ignore line: [/Users/unkonow/Scade/.metadata/.plugins/com.scade.sdk.toolchain.latest/Toolchain/thirdparty/CMake.app/Contents/bin/cmake -E cmake_link_script CMakeFiles/cmTC_5f920.dir/link.txt --verbose=1]
  ignore line: [/Users/unkonow/Library/Android/sdk/ndk/android-ndk-r19c/toolchains/llvm/prebuilt/darwin-x86_64/bin/clang -fexceptions -gcc-toolchain /Users/unkonow/Library/Android/sdk/ndk/android-ndk-r19c/toolchains/arm-linux-androideabi-4.9/prebuilt/darwin-x86_64 -target armv7-none-linux-androideabi -Qunused-arguments --sysroot=/Users/unkonow/Library/Android/sdk/ndk/android-ndk-r19c/platforms/android-21/arch-arm -funwind-tables -fsigned-char -no-canonical-prefixes -nostdlib++ -march=armv7-a -mfloat-abi=softfp -mfpu=vfpv3-d16 -Xclang -mnoexecstack     -v CMakeFiles/cmTC_5f920.dir/CMakeCCompilerABI.c.o  -o cmTC_5f920 ]
  ignore line: [Android (5058415 based on r339409) clang version 8.0.2 (https://android.googlesource.com/toolchain/clang 40173bab62ec746213857d083c0e8b0abb568790) (https://android.googlesource.com/toolchain/llvm 7a6618d69e7e8111e1d49dc9e7813767c5ca756a) (based on LLVM 8.0.2svn)]
  ignore line: [Target: armv7-none-linux-android]
  ignore line: [Thread model: posix]
  ignore line: [InstalledDir: /Users/unkonow/Library/Android/sdk/ndk/android-ndk-r19c/toolchains/llvm/prebuilt/darwin-x86_64/bin]
  ignore line: [Found candidate GCC installation: /Users/unkonow/Library/Android/sdk/ndk/android-ndk-r19c/toolchains/arm-linux-androideabi-4.9/prebuilt/darwin-x86_64/lib/gcc/arm-linux-androideabi/4.9.x]
  ignore line: [Selected GCC installation: /Users/unkonow/Library/Android/sdk/ndk/android-ndk-r19c/toolchains/arm-linux-androideabi-4.9/prebuilt/darwin-x86_64/lib/gcc/arm-linux-androideabi/4.9.x]
  ignore line: [Candidate multilib: thumb]
  ignore line: [@mthumb]
  ignore line: [Candidate multilib: armv7-a]
  ignore line: [@march=armv7-a]
  ignore line: [Candidate multilib: armv7-a/thumb]
  ignore line: [@march=armv7-a@mthumb]
  ignore line: [Candidate multilib: .]
  ignore line: []
  ignore line: [Selected multilib: armv7-a]
  ignore line: [@march=armv7-a]
  link line: [ "/Users/unkonow/Library/Android/sdk/ndk/android-ndk-r19c/toolchains/arm-linux-androideabi-4.9/prebuilt/darwin-x86_64/lib/gcc/arm-linux-androideabi/4.9.x/../../../../arm-linux-androideabi/bin/ld" --sysroot=/Users/unkonow/Library/Android/sdk/ndk/android-ndk-r19c/platforms/android-21/arch-arm -X --enable-new-dtags --eh-frame-hdr -m armelf_linux_eabi -dynamic-linker /system/bin/linker -o cmTC_5f920 /Users/unkonow/Library/Android/sdk/ndk/android-ndk-r19c/platforms/android-21/arch-arm/usr/lib/../lib/crtbegin_dynamic.o -L/Users/unkonow/Library/Android/sdk/ndk/android-ndk-r19c/toolchains/llvm/prebuilt/darwin-x86_64/lib64/clang/8.0.2/lib/linux/arm -L/Users/unkonow/Library/Android/sdk/ndk/android-ndk-r19c/toolchains/arm-linux-androideabi-4.9/prebuilt/darwin-x86_64/lib/gcc/arm-linux-androideabi/4.9.x/armv7-a -L/Users/unkonow/Library/Android/sdk/ndk/android-ndk-r19c/toolchains/arm-linux-androideabi-4.9/prebuilt/darwin-x86_64/lib/gcc/arm-linux-androideabi/4.9.x/../../../../arm-linux-androideabi/lib/../lib/armv7-a -L/Users/unkonow/Library/Android/sdk/ndk/android-ndk-r19c/platforms/android-21/arch-arm/usr/lib/../lib -L/Users/unkonow/Library/Android/sdk/ndk/android-ndk-r19c/toolchains/arm-linux-androideabi-4.9/prebuilt/darwin-x86_64/lib/gcc/arm-linux-androideabi/4.9.x/../../../../arm-linux-androideabi/lib/armv7-a -L/Users/unkonow/Library/Android/sdk/ndk/android-ndk-r19c/platforms/android-21/arch-arm/usr/lib CMakeFiles/cmTC_5f920.dir/CMakeCCompilerABI.c.o -lgcc -ldl -lc -lgcc -ldl /Users/unkonow/Library/Android/sdk/ndk/android-ndk-r19c/platforms/android-21/arch-arm/usr/lib/../lib/crtend_android.o]
    arg [/Users/unkonow/Library/Android/sdk/ndk/android-ndk-r19c/toolchains/arm-linux-androideabi-4.9/prebuilt/darwin-x86_64/lib/gcc/arm-linux-androideabi/4.9.x/../../../../arm-linux-androideabi/bin/ld] ==> ignore
    arg [--sysroot=/Users/unkonow/Library/Android/sdk/ndk/android-ndk-r19c/platforms/android-21/arch-arm] ==> ignore
    arg [-X] ==> ignore
    arg [--enable-new-dtags] ==> ignore
    arg [--eh-frame-hdr] ==> ignore
    arg [-m] ==> ignore
    arg [armelf_linux_eabi] ==> ignore
    arg [-dynamic-linker] ==> ignore
    arg [/system/bin/linker] ==> ignore
    arg [-o] ==> ignore
    arg [cmTC_5f920] ==> ignore
    arg [/Users/unkonow/Library/Android/sdk/ndk/android-ndk-r19c/platforms/android-21/arch-arm/usr/lib/../lib/crtbegin_dynamic.o] ==> ignore
    arg [-L/Users/unkonow/Library/Android/sdk/ndk/android-ndk-r19c/toolchains/llvm/prebuilt/darwin-x86_64/lib64/clang/8.0.2/lib/linux/arm] ==> dir [/Users/unkonow/Library/Android/sdk/ndk/android-ndk-r19c/toolchains/llvm/prebuilt/darwin-x86_64/lib64/clang/8.0.2/lib/linux/arm]
    arg [-L/Users/unkonow/Library/Android/sdk/ndk/android-ndk-r19c/toolchains/arm-linux-androideabi-4.9/prebuilt/darwin-x86_64/lib/gcc/arm-linux-androideabi/4.9.x/armv7-a] ==> dir [/Users/unkonow/Library/Android/sdk/ndk/android-ndk-r19c/toolchains/arm-linux-androideabi-4.9/prebuilt/darwin-x86_64/lib/gcc/arm-linux-androideabi/4.9.x/armv7-a]
    arg [-L/Users/unkonow/Library/Android/sdk/ndk/android-ndk-r19c/toolchains/arm-linux-androideabi-4.9/prebuilt/darwin-x86_64/lib/gcc/arm-linux-androideabi/4.9.x/../../../../arm-linux-androideabi/lib/../lib/armv7-a] ==> dir [/Users/unkonow/Library/Android/sdk/ndk/android-ndk-r19c/toolchains/arm-linux-androideabi-4.9/prebuilt/darwin-x86_64/lib/gcc/arm-linux-androideabi/4.9.x/../../../../arm-linux-androideabi/lib/../lib/armv7-a]
    arg [-L/Users/unkonow/Library/Android/sdk/ndk/android-ndk-r19c/platforms/android-21/arch-arm/usr/lib/../lib] ==> dir [/Users/unkonow/Library/Android/sdk/ndk/android-ndk-r19c/platforms/android-21/arch-arm/usr/lib/../lib]
    arg [-L/Users/unkonow/Library/Android/sdk/ndk/android-ndk-r19c/toolchains/arm-linux-androideabi-4.9/prebuilt/darwin-x86_64/lib/gcc/arm-linux-androideabi/4.9.x/../../../../arm-linux-androideabi/lib/armv7-a] ==> dir [/Users/unkonow/Library/Android/sdk/ndk/android-ndk-r19c/toolchains/arm-linux-androideabi-4.9/prebuilt/darwin-x86_64/lib/gcc/arm-linux-androideabi/4.9.x/../../../../arm-linux-androideabi/lib/armv7-a]
    arg [-L/Users/unkonow/Library/Android/sdk/ndk/android-ndk-r19c/platforms/android-21/arch-arm/usr/lib] ==> dir [/Users/unkonow/Library/Android/sdk/ndk/android-ndk-r19c/platforms/android-21/arch-arm/usr/lib]
    arg [CMakeFiles/cmTC_5f920.dir/CMakeCCompilerABI.c.o] ==> ignore
    arg [-lgcc] ==> lib [gcc]
    arg [-ldl] ==> lib [dl]
    arg [-lc] ==> lib [c]
    arg [-lgcc] ==> lib [gcc]
    arg [-ldl] ==> lib [dl]
    arg [/Users/unkonow/Library/Android/sdk/ndk/android-ndk-r19c/platforms/android-21/arch-arm/usr/lib/../lib/crtend_android.o] ==> ignore
  collapse library dir [/Users/unkonow/Library/Android/sdk/ndk/android-ndk-r19c/toolchains/llvm/prebuilt/darwin-x86_64/lib64/clang/8.0.2/lib/linux/arm] ==> [/Users/unkonow/Library/Android/sdk/ndk/android-ndk-r19c/toolchains/llvm/prebuilt/darwin-x86_64/lib64/clang/8.0.2/lib/linux/arm]
  collapse library dir [/Users/unkonow/Library/Android/sdk/ndk/android-ndk-r19c/toolchains/arm-linux-androideabi-4.9/prebuilt/darwin-x86_64/lib/gcc/arm-linux-androideabi/4.9.x/armv7-a] ==> [/Users/unkonow/Library/Android/sdk/ndk/android-ndk-r19c/toolchains/arm-linux-androideabi-4.9/prebuilt/darwin-x86_64/lib/gcc/arm-linux-androideabi/4.9.x/armv7-a]
  collapse library dir [/Users/unkonow/Library/Android/sdk/ndk/android-ndk-r19c/toolchains/arm-linux-androideabi-4.9/prebuilt/darwin-x86_64/lib/gcc/arm-linux-androideabi/4.9.x/../../../../arm-linux-androideabi/lib/../lib/armv7-a] ==> [/Users/unkonow/Library/Android/sdk/ndk/android-ndk-r19c/toolchains/arm-linux-androideabi-4.9/prebuilt/darwin-x86_64/arm-linux-androideabi/lib/armv7-a]
  collapse library dir [/Users/unkonow/Library/Android/sdk/ndk/android-ndk-r19c/platforms/android-21/arch-arm/usr/lib/../lib] ==> [/Users/unkonow/Library/Android/sdk/ndk/android-ndk-r19c/platforms/android-21/arch-arm/usr/lib]
  collapse library dir [/Users/unkonow/Library/Android/sdk/ndk/android-ndk-r19c/toolchains/arm-linux-androideabi-4.9/prebuilt/darwin-x86_64/lib/gcc/arm-linux-androideabi/4.9.x/../../../../arm-linux-androideabi/lib/armv7-a] ==> [/Users/unkonow/Library/Android/sdk/ndk/android-ndk-r19c/toolchains/arm-linux-androideabi-4.9/prebuilt/darwin-x86_64/arm-linux-androideabi/lib/armv7-a]
  collapse library dir [/Users/unkonow/Library/Android/sdk/ndk/android-ndk-r19c/platforms/android-21/arch-arm/usr/lib] ==> [/Users/unkonow/Library/Android/sdk/ndk/android-ndk-r19c/platforms/android-21/arch-arm/usr/lib]
  implicit libs: [gcc;dl;c;gcc;dl]
  implicit dirs: [/Users/unkonow/Library/Android/sdk/ndk/android-ndk-r19c/toolchains/llvm/prebuilt/darwin-x86_64/lib64/clang/8.0.2/lib/linux/arm;/Users/unkonow/Library/Android/sdk/ndk/android-ndk-r19c/toolchains/arm-linux-androideabi-4.9/prebuilt/darwin-x86_64/lib/gcc/arm-linux-androideabi/4.9.x/armv7-a;/Users/unkonow/Library/Android/sdk/ndk/android-ndk-r19c/toolchains/arm-linux-androideabi-4.9/prebuilt/darwin-x86_64/arm-linux-androideabi/lib/armv7-a;/Users/unkonow/Library/Android/sdk/ndk/android-ndk-r19c/platforms/android-21/arch-arm/usr/lib]
  implicit fwks: []


Compiling the CXX compiler identification source file "CMakeCXXCompilerId.cpp" succeeded.
Compiler: /Users/unkonow/Library/Android/sdk/ndk/android-ndk-r19c/toolchains/llvm/prebuilt/darwin-x86_64/bin/clang++ 
Build flags: 
Id flags:  

The output was:
0


Compilation of the CXX compiler identification source "CMakeCXXCompilerId.cpp" produced "a.out"

The CXX compiler identification is Clang, found in "/Users/unkonow/Scade/testtttt/.build/android-armeabi-v7a/CMakeFiles/3.15.1/CompilerIdCXX/a.out"

Determining if the CXX compiler works passed with the following output:
Change Dir: /Users/unkonow/Scade/testtttt/.build/android-armeabi-v7a/CMakeFiles/CMakeTmp

Run Build Command(s):make cmTC_f11f3/fast && /Applications/Xcode.app/Contents/Developer/usr/bin/make -f CMakeFiles/cmTC_f11f3.dir/build.make CMakeFiles/cmTC_f11f3.dir/build
Building CXX object CMakeFiles/cmTC_f11f3.dir/testCXXCompiler.cxx.o
/Users/unkonow/Library/Android/sdk/ndk/android-ndk-r19c/toolchains/llvm/prebuilt/darwin-x86_64/bin/clang++    -fexceptions -frtti -gcc-toolchain /Users/unkonow/Library/Android/sdk/ndk/android-ndk-r19c/toolchains/arm-linux-androideabi-4.9/prebuilt/darwin-x86_64 -target armv7-none-linux-androideabi -Qunused-arguments --sysroot=/Users/unkonow/Library/Android/sdk/ndk/android-ndk-r19c/platforms/android-21/arch-arm -funwind-tables -fsigned-char -no-canonical-prefixes -nostdlib++ -march=armv7-a -mfloat-abi=softfp -mfpu=vfpv3-d16 -Xclang -mnoexecstack  -I/Users/unkonow/Library/Android/sdk/ndk/android-ndk-r19c/sources/cxx-stl/llvm-libc++/include -I/Users/unkonow/Library/Android/sdk/ndk/android-ndk-r19c/sources/cxx-stl/llvm-libc++abi/include  -fPIE   -o CMakeFiles/cmTC_f11f3.dir/testCXXCompiler.cxx.o -c /Users/unkonow/Scade/testtttt/.build/android-armeabi-v7a/CMakeFiles/CMakeTmp/testCXXCompiler.cxx
Linking CXX executable cmTC_f11f3
/Users/unkonow/Scade/.metadata/.plugins/com.scade.sdk.toolchain.latest/Toolchain/thirdparty/CMake.app/Contents/bin/cmake -E cmake_link_script CMakeFiles/cmTC_f11f3.dir/link.txt --verbose=1
/Users/unkonow/Library/Android/sdk/ndk/android-ndk-r19c/toolchains/llvm/prebuilt/darwin-x86_64/bin/clang++  -fexceptions -frtti -gcc-toolchain /Users/unkonow/Library/Android/sdk/ndk/android-ndk-r19c/toolchains/arm-linux-androideabi-4.9/prebuilt/darwin-x86_64 -target armv7-none-linux-androideabi -Qunused-arguments --sysroot=/Users/unkonow/Library/Android/sdk/ndk/android-ndk-r19c/platforms/android-21/arch-arm -funwind-tables -fsigned-char -no-canonical-prefixes -nostdlib++ -march=armv7-a -mfloat-abi=softfp -mfpu=vfpv3-d16 -Xclang -mnoexecstack  -I/Users/unkonow/Library/Android/sdk/ndk/android-ndk-r19c/sources/cxx-stl/llvm-libc++/include -I/Users/unkonow/Library/Android/sdk/ndk/android-ndk-r19c/sources/cxx-stl/llvm-libc++abi/include     CMakeFiles/cmTC_f11f3.dir/testCXXCompiler.cxx.o  -o cmTC_f11f3 



Compiling the C compiler identification source file "CMakeCCompilerId.c" succeeded.
Compiler: /Users/unkonow/Library/Android/sdk/ndk/android-ndk-r19c/toolchains/llvm/prebuilt/darwin-x86_64/bin/clang 
Build flags: -fexceptions;-gcc-toolchain;/Users/unkonow/Library/Android/sdk/ndk/android-ndk-r19c/toolchains/arm-linux-androideabi-4.9/prebuilt/darwin-x86_64;-target;armv7-none-linux-androideabi;-Qunused-arguments;--sysroot=/Users/unkonow/Library/Android/sdk/ndk/android-ndk-r19c/platforms/android-21/arch-arm;-funwind-tables;-fsigned-char;-no-canonical-prefixes;-nostdlib++;-march=armv7-a;-mfloat-abi=softfp;-mfpu=vfpv3-d16;-Xclang;-mnoexecstack;
Id flags:  

The output was:
0


Compilation of the C compiler identification source "CMakeCCompilerId.c" produced "a.out"

The C compiler identification is Clang, found in "/Users/unkonow/Scade/testtttt/.build/android-armeabi-v7a/CMakeFiles/3.15.1/CompilerIdC/a.out"

Compiling the CXX compiler identification source file "CMakeCXXCompilerId.cpp" succeeded.
Compiler: /Users/unkonow/Library/Android/sdk/ndk/android-ndk-r19c/toolchains/llvm/prebuilt/darwin-x86_64/bin/clang++ 
Build flags: -fexceptions;-frtti;-gcc-toolchain;/Users/unkonow/Library/Android/sdk/ndk/android-ndk-r19c/toolchains/arm-linux-androideabi-4.9/prebuilt/darwin-x86_64;-target;armv7-none-linux-androideabi;-Qunused-arguments;--sysroot=/Users/unkonow/Library/Android/sdk/ndk/android-ndk-r19c/platforms/android-21/arch-arm;-funwind-tables;-fsigned-char;-no-canonical-prefixes;-nostdlib++;-march=armv7-a;-mfloat-abi=softfp;-mfpu=vfpv3-d16;-Xclang;-mnoexecstack;;-I/Users/unkonow/Library/Android/sdk/ndk/android-ndk-r19c/sources/cxx-stl/llvm-libc++/include;-I/Users/unkonow/Library/Android/sdk/ndk/android-ndk-r19c/sources/cxx-stl/llvm-libc++abi/include
Id flags:  

The output was:
0


Compilation of the CXX compiler identification source "CMakeCXXCompilerId.cpp" produced "a.out"

The CXX compiler identification is Clang, found in "/Users/unkonow/Scade/testtttt/.build/android-armeabi-v7a/CMakeFiles/3.15.1/CompilerIdCXX/a.out"

Determining if the C compiler works passed with the following output:
Change Dir: /Users/unkonow/Scade/testtttt/.build/android-armeabi-v7a/CMakeFiles/CMakeTmp

Run Build Command(s):make cmTC_48156/fast && /Applications/Xcode.app/Contents/Developer/usr/bin/make -f CMakeFiles/cmTC_48156.dir/build.make CMakeFiles/cmTC_48156.dir/build
Building C object CMakeFiles/cmTC_48156.dir/testCCompiler.c.o
/Users/unkonow/Library/Android/sdk/ndk/android-ndk-r19c/toolchains/llvm/prebuilt/darwin-x86_64/bin/clang   -fexceptions -gcc-toolchain /Users/unkonow/Library/Android/sdk/ndk/android-ndk-r19c/toolchains/arm-linux-androideabi-4.9/prebuilt/darwin-x86_64 -target armv7-none-linux-androideabi -Qunused-arguments --sysroot=/Users/unkonow/Library/Android/sdk/ndk/android-ndk-r19c/platforms/android-21/arch-arm -funwind-tables -fsigned-char -no-canonical-prefixes -nostdlib++ -march=armv7-a -mfloat-abi=softfp -mfpu=vfpv3-d16 -Xclang -mnoexecstack   -fPIE   -o CMakeFiles/cmTC_48156.dir/testCCompiler.c.o   -c /Users/unkonow/Scade/testtttt/.build/android-armeabi-v7a/CMakeFiles/CMakeTmp/testCCompiler.c
Linking C executable cmTC_48156
/Users/unkonow/Scade/.metadata/.plugins/com.scade.sdk.toolchain.latest/Toolchain/thirdparty/CMake.app/Contents/bin/cmake -E cmake_link_script CMakeFiles/cmTC_48156.dir/link.txt --verbose=1
/Users/unkonow/Library/Android/sdk/ndk/android-ndk-r19c/toolchains/llvm/prebuilt/darwin-x86_64/bin/clang -fexceptions -gcc-toolchain /Users/unkonow/Library/Android/sdk/ndk/android-ndk-r19c/toolchains/arm-linux-androideabi-4.9/prebuilt/darwin-x86_64 -target armv7-none-linux-androideabi -Qunused-arguments --sysroot=/Users/unkonow/Library/Android/sdk/ndk/android-ndk-r19c/platforms/android-21/arch-arm -funwind-tables -fsigned-char -no-canonical-prefixes -nostdlib++ -march=armv7-a -mfloat-abi=softfp -mfpu=vfpv3-d16 -Xclang -mnoexecstack      CMakeFiles/cmTC_48156.dir/testCCompiler.c.o  -o cmTC_48156 



Detecting C compiler ABI info compiled with the following output:
Change Dir: /Users/unkonow/Scade/testtttt/.build/android-armeabi-v7a/CMakeFiles/CMakeTmp

Run Build Command(s):make cmTC_4a32e/fast && /Applications/Xcode.app/Contents/Developer/usr/bin/make -f CMakeFiles/cmTC_4a32e.dir/build.make CMakeFiles/cmTC_4a32e.dir/build
Building C object CMakeFiles/cmTC_4a32e.dir/CMakeCCompilerABI.c.o
/Users/unkonow/Library/Android/sdk/ndk/android-ndk-r19c/toolchains/llvm/prebuilt/darwin-x86_64/bin/clang   -fexceptions -gcc-toolchain /Users/unkonow/Library/Android/sdk/ndk/android-ndk-r19c/toolchains/arm-linux-androideabi-4.9/prebuilt/darwin-x86_64 -target armv7-none-linux-androideabi -Qunused-arguments --sysroot=/Users/unkonow/Library/Android/sdk/ndk/android-ndk-r19c/platforms/android-21/arch-arm -funwind-tables -fsigned-char -no-canonical-prefixes -nostdlib++ -march=armv7-a -mfloat-abi=softfp -mfpu=vfpv3-d16 -Xclang -mnoexecstack   -fPIE   -v -o CMakeFiles/cmTC_4a32e.dir/CMakeCCompilerABI.c.o   -c /Users/unkonow/Scade/.metadata/.plugins/com.scade.sdk.toolchain.latest/Toolchain/thirdparty/CMake.app/Contents/share/cmake-3.15/Modules/CMakeCCompilerABI.c
Android (5058415 based on r339409) clang version 8.0.2 (https://android.googlesource.com/toolchain/clang 40173bab62ec746213857d083c0e8b0abb568790) (https://android.googlesource.com/toolchain/llvm 7a6618d69e7e8111e1d49dc9e7813767c5ca756a) (based on LLVM 8.0.2svn)
Target: armv7-none-linux-android
Thread model: posix
InstalledDir: /Users/unkonow/Library/Android/sdk/ndk/android-ndk-r19c/toolchains/llvm/prebuilt/darwin-x86_64/bin
Found candidate GCC installation: /Users/unkonow/Library/Android/sdk/ndk/android-ndk-r19c/toolchains/arm-linux-androideabi-4.9/prebuilt/darwin-x86_64/lib/gcc/arm-linux-androideabi/4.9.x
Selected GCC installation: /Users/unkonow/Library/Android/sdk/ndk/android-ndk-r19c/toolchains/arm-linux-androideabi-4.9/prebuilt/darwin-x86_64/lib/gcc/arm-linux-androideabi/4.9.x
Candidate multilib: thumb;@mthumb
Candidate multilib: armv7-a;@march=armv7-a
Candidate multilib: armv7-a/thumb;@march=armv7-a@mthumb
Candidate multilib: .;
Selected multilib: armv7-a;@march=armv7-a
 "/Users/unkonow/Library/Android/sdk/ndk/android-ndk-r19c/toolchains/llvm/prebuilt/darwin-x86_64/bin/clang" -cc1 -triple armv7-none-linux-android -emit-obj -mrelax-all -disable-free -disable-llvm-verifier -discard-value-names -main-file-name CMakeCCompilerABI.c -mrelocation-model pic -pic-level 2 -pic-is-pie -mthread-model posix -mdisable-fp-elim -fmath-errno -masm-verbose -mconstructor-aliases -munwind-tables -fuse-init-array -target-cpu generic -target-feature +soft-float-abi -target-feature -fp-only-sp -target-feature +d16 -target-feature +vfp3 -target-feature -fp16 -target-feature -vfp4 -target-feature -fp-armv8 -target-feature -neon -target-feature -crypto -target-abi aapcs-linux -mfloat-abi soft -fallow-half-arguments-and-returns -dwarf-column-info -debugger-tuning=gdb -target-linker-version 241.9 -v -coverage-notes-file /Users/unkonow/Scade/testtttt/.build/android-armeabi-v7a/CMakeFiles/CMakeTmp/CMakeFiles/cmTC_4a32e.dir/CMakeCCompilerABI.c.gcno -resource-dir /Users/unkonow/Library/Android/sdk/ndk/android-ndk-r19c/toolchains/llvm/prebuilt/darwin-x86_64/lib64/clang/8.0.2 -isysroot /Users/unkonow/Library/Android/sdk/ndk/android-ndk-r19c/platforms/android-21/arch-arm -internal-isystem /Users/unkonow/Library/Android/sdk/ndk/android-ndk-r19c/platforms/android-21/arch-arm/usr/local/include -internal-isystem /Users/unkonow/Library/Android/sdk/ndk/android-ndk-r19c/toolchains/llvm/prebuilt/darwin-x86_64/lib64/clang/8.0.2/include -internal-externc-isystem /Users/unkonow/Library/Android/sdk/ndk/android-ndk-r19c/platforms/android-21/arch-arm/include -internal-externc-isystem /Users/unkonow/Library/Android/sdk/ndk/android-ndk-r19c/platforms/android-21/arch-arm/usr/include -fdebug-compilation-dir /Users/unkonow/Scade/testtttt/.build/android-armeabi-v7a/CMakeFiles/CMakeTmp -ferror-limit 19 -fmessage-length 0 -fobjc-runtime=gcc -fexceptions -fdiagnostics-show-option -mnoexecstack -o CMakeFiles/cmTC_4a32e.dir/CMakeCCompilerABI.c.o -x c /Users/unkonow/Scade/.metadata/.plugins/com.scade.sdk.toolchain.latest/Toolchain/thirdparty/CMake.app/Contents/share/cmake-3.15/Modules/CMakeCCompilerABI.c -faddrsig
clang -cc1 version 8.0.2 based upon LLVM 8.0.2svn default target x86_64-apple-darwin19.6.0
ignoring nonexistent directory "/Users/unkonow/Library/Android/sdk/ndk/android-ndk-r19c/platforms/android-21/arch-arm/usr/local/include"
ignoring nonexistent directory "/Users/unkonow/Library/Android/sdk/ndk/android-ndk-r19c/platforms/android-21/arch-arm/include"
ignoring nonexistent directory "/Users/unkonow/Library/Android/sdk/ndk/android-ndk-r19c/platforms/android-21/arch-arm/usr/include"
#include "..." search starts here:
#include <...> search starts here:
 /Users/unkonow/Library/Android/sdk/ndk/android-ndk-r19c/toolchains/llvm/prebuilt/darwin-x86_64/lib64/clang/8.0.2/include
End of search list.
Linking C executable cmTC_4a32e
/Users/unkonow/Scade/.metadata/.plugins/com.scade.sdk.toolchain.latest/Toolchain/thirdparty/CMake.app/Contents/bin/cmake -E cmake_link_script CMakeFiles/cmTC_4a32e.dir/link.txt --verbose=1
/Users/unkonow/Library/Android/sdk/ndk/android-ndk-r19c/toolchains/llvm/prebuilt/darwin-x86_64/bin/clang -fexceptions -gcc-toolchain /Users/unkonow/Library/Android/sdk/ndk/android-ndk-r19c/toolchains/arm-linux-androideabi-4.9/prebuilt/darwin-x86_64 -target armv7-none-linux-androideabi -Qunused-arguments --sysroot=/Users/unkonow/Library/Android/sdk/ndk/android-ndk-r19c/platforms/android-21/arch-arm -funwind-tables -fsigned-char -no-canonical-prefixes -nostdlib++ -march=armv7-a -mfloat-abi=softfp -mfpu=vfpv3-d16 -Xclang -mnoexecstack     -v CMakeFiles/cmTC_4a32e.dir/CMakeCCompilerABI.c.o  -o cmTC_4a32e 
Android (5058415 based on r339409) clang version 8.0.2 (https://android.googlesource.com/toolchain/clang 40173bab62ec746213857d083c0e8b0abb568790) (https://android.googlesource.com/toolchain/llvm 7a6618d69e7e8111e1d49dc9e7813767c5ca756a) (based on LLVM 8.0.2svn)
Target: armv7-none-linux-android
Thread model: posix
InstalledDir: /Users/unkonow/Library/Android/sdk/ndk/android-ndk-r19c/toolchains/llvm/prebuilt/darwin-x86_64/bin
Found candidate GCC installation: /Users/unkonow/Library/Android/sdk/ndk/android-ndk-r19c/toolchains/arm-linux-androideabi-4.9/prebuilt/darwin-x86_64/lib/gcc/arm-linux-androideabi/4.9.x
Selected GCC installation: /Users/unkonow/Library/Android/sdk/ndk/android-ndk-r19c/toolchains/arm-linux-androideabi-4.9/prebuilt/darwin-x86_64/lib/gcc/arm-linux-androideabi/4.9.x
Candidate multilib: thumb;@mthumb
Candidate multilib: armv7-a;@march=armv7-a
Candidate multilib: armv7-a/thumb;@march=armv7-a@mthumb
Candidate multilib: .;
Selected multilib: armv7-a;@march=armv7-a
 "/Users/unkonow/Library/Android/sdk/ndk/android-ndk-r19c/toolchains/arm-linux-androideabi-4.9/prebuilt/darwin-x86_64/lib/gcc/arm-linux-androideabi/4.9.x/../../../../arm-linux-androideabi/bin/ld" --sysroot=/Users/unkonow/Library/Android/sdk/ndk/android-ndk-r19c/platforms/android-21/arch-arm -X --enable-new-dtags --eh-frame-hdr -m armelf_linux_eabi -dynamic-linker /system/bin/linker -o cmTC_4a32e /Users/unkonow/Library/Android/sdk/ndk/android-ndk-r19c/platforms/android-21/arch-arm/usr/lib/../lib/crtbegin_dynamic.o -L/Users/unkonow/Library/Android/sdk/ndk/android-ndk-r19c/toolchains/llvm/prebuilt/darwin-x86_64/lib64/clang/8.0.2/lib/linux/arm -L/Users/unkonow/Library/Android/sdk/ndk/android-ndk-r19c/toolchains/arm-linux-androideabi-4.9/prebuilt/darwin-x86_64/lib/gcc/arm-linux-androideabi/4.9.x/armv7-a -L/Users/unkonow/Library/Android/sdk/ndk/android-ndk-r19c/toolchains/arm-linux-androideabi-4.9/prebuilt/darwin-x86_64/lib/gcc/arm-linux-androideabi/4.9.x/../../../../arm-linux-androideabi/lib/../lib/armv7-a -L/Users/unkonow/Library/Android/sdk/ndk/android-ndk-r19c/platforms/android-21/arch-arm/usr/lib/../lib -L/Users/unkonow/Library/Android/sdk/ndk/android-ndk-r19c/toolchains/arm-linux-androideabi-4.9/prebuilt/darwin-x86_64/lib/gcc/arm-linux-androideabi/4.9.x/../../../../arm-linux-androideabi/lib/armv7-a -L/Users/unkonow/Library/Android/sdk/ndk/android-ndk-r19c/platforms/android-21/arch-arm/usr/lib CMakeFiles/cmTC_4a32e.dir/CMakeCCompilerABI.c.o -lgcc -ldl -lc -lgcc -ldl /Users/unkonow/Library/Android/sdk/ndk/android-ndk-r19c/platforms/android-21/arch-arm/usr/lib/../lib/crtend_android.o



Parsed C implicit include dir info from above output: rv=done
  found start of include info
  found start of implicit include info
    add: [/Users/unkonow/Library/Android/sdk/ndk/android-ndk-r19c/toolchains/llvm/prebuilt/darwin-x86_64/lib64/clang/8.0.2/include]
  end of search list found
  collapse include dir [/Users/unkonow/Library/Android/sdk/ndk/android-ndk-r19c/toolchains/llvm/prebuilt/darwin-x86_64/lib64/clang/8.0.2/include] ==> [/Users/unkonow/Library/Android/sdk/ndk/android-ndk-r19c/toolchains/llvm/prebuilt/darwin-x86_64/lib64/clang/8.0.2/include]
  implicit include dirs: [/Users/unkonow/Library/Android/sdk/ndk/android-ndk-r19c/toolchains/llvm/prebuilt/darwin-x86_64/lib64/clang/8.0.2/include]


Parsed C implicit link information from above output:
  link line regex: [^( *|.*[/\])(arm-linux-androideabi-ld|CMAKE_LINK_STARTFILE-NOTFOUND|([^/\]+-)?ld|collect2)[^/\]*( |$)]
  ignore line: [Change Dir: /Users/unkonow/Scade/testtttt/.build/android-armeabi-v7a/CMakeFiles/CMakeTmp]
  ignore line: []
  ignore line: [Run Build Command(s):make cmTC_4a32e/fast && /Applications/Xcode.app/Contents/Developer/usr/bin/make -f CMakeFiles/cmTC_4a32e.dir/build.make CMakeFiles/cmTC_4a32e.dir/build]
  ignore line: [Building C object CMakeFiles/cmTC_4a32e.dir/CMakeCCompilerABI.c.o]
  ignore line: [/Users/unkonow/Library/Android/sdk/ndk/android-ndk-r19c/toolchains/llvm/prebuilt/darwin-x86_64/bin/clang   -fexceptions -gcc-toolchain /Users/unkonow/Library/Android/sdk/ndk/android-ndk-r19c/toolchains/arm-linux-androideabi-4.9/prebuilt/darwin-x86_64 -target armv7-none-linux-androideabi -Qunused-arguments --sysroot=/Users/unkonow/Library/Android/sdk/ndk/android-ndk-r19c/platforms/android-21/arch-arm -funwind-tables -fsigned-char -no-canonical-prefixes -nostdlib++ -march=armv7-a -mfloat-abi=softfp -mfpu=vfpv3-d16 -Xclang -mnoexecstack   -fPIE   -v -o CMakeFiles/cmTC_4a32e.dir/CMakeCCompilerABI.c.o   -c /Users/unkonow/Scade/.metadata/.plugins/com.scade.sdk.toolchain.latest/Toolchain/thirdparty/CMake.app/Contents/share/cmake-3.15/Modules/CMakeCCompilerABI.c]
  ignore line: [Android (5058415 based on r339409) clang version 8.0.2 (https://android.googlesource.com/toolchain/clang 40173bab62ec746213857d083c0e8b0abb568790) (https://android.googlesource.com/toolchain/llvm 7a6618d69e7e8111e1d49dc9e7813767c5ca756a) (based on LLVM 8.0.2svn)]
  ignore line: [Target: armv7-none-linux-android]
  ignore line: [Thread model: posix]
  ignore line: [InstalledDir: /Users/unkonow/Library/Android/sdk/ndk/android-ndk-r19c/toolchains/llvm/prebuilt/darwin-x86_64/bin]
  ignore line: [Found candidate GCC installation: /Users/unkonow/Library/Android/sdk/ndk/android-ndk-r19c/toolchains/arm-linux-androideabi-4.9/prebuilt/darwin-x86_64/lib/gcc/arm-linux-androideabi/4.9.x]
  ignore line: [Selected GCC installation: /Users/unkonow/Library/Android/sdk/ndk/android-ndk-r19c/toolchains/arm-linux-androideabi-4.9/prebuilt/darwin-x86_64/lib/gcc/arm-linux-androideabi/4.9.x]
  ignore line: [Candidate multilib: thumb]
  ignore line: [@mthumb]
  ignore line: [Candidate multilib: armv7-a]
  ignore line: [@march=armv7-a]
  ignore line: [Candidate multilib: armv7-a/thumb]
  ignore line: [@march=armv7-a@mthumb]
  ignore line: [Candidate multilib: .]
  ignore line: []
  ignore line: [Selected multilib: armv7-a]
  ignore line: [@march=armv7-a]
  ignore line: [ "/Users/unkonow/Library/Android/sdk/ndk/android-ndk-r19c/toolchains/llvm/prebuilt/darwin-x86_64/bin/clang" -cc1 -triple armv7-none-linux-android -emit-obj -mrelax-all -disable-free -disable-llvm-verifier -discard-value-names -main-file-name CMakeCCompilerABI.c -mrelocation-model pic -pic-level 2 -pic-is-pie -mthread-model posix -mdisable-fp-elim -fmath-errno -masm-verbose -mconstructor-aliases -munwind-tables -fuse-init-array -target-cpu generic -target-feature +soft-float-abi -target-feature -fp-only-sp -target-feature +d16 -target-feature +vfp3 -target-feature -fp16 -target-feature -vfp4 -target-feature -fp-armv8 -target-feature -neon -target-feature -crypto -target-abi aapcs-linux -mfloat-abi soft -fallow-half-arguments-and-returns -dwarf-column-info -debugger-tuning=gdb -target-linker-version 241.9 -v -coverage-notes-file /Users/unkonow/Scade/testtttt/.build/android-armeabi-v7a/CMakeFiles/CMakeTmp/CMakeFiles/cmTC_4a32e.dir/CMakeCCompilerABI.c.gcno -resource-dir /Users/unkonow/Library/Android/sdk/ndk/android-ndk-r19c/toolchains/llvm/prebuilt/darwin-x86_64/lib64/clang/8.0.2 -isysroot /Users/unkonow/Library/Android/sdk/ndk/android-ndk-r19c/platforms/android-21/arch-arm -internal-isystem /Users/unkonow/Library/Android/sdk/ndk/android-ndk-r19c/platforms/android-21/arch-arm/usr/local/include -internal-isystem /Users/unkonow/Library/Android/sdk/ndk/android-ndk-r19c/toolchains/llvm/prebuilt/darwin-x86_64/lib64/clang/8.0.2/include -internal-externc-isystem /Users/unkonow/Library/Android/sdk/ndk/android-ndk-r19c/platforms/android-21/arch-arm/include -internal-externc-isystem /Users/unkonow/Library/Android/sdk/ndk/android-ndk-r19c/platforms/android-21/arch-arm/usr/include -fdebug-compilation-dir /Users/unkonow/Scade/testtttt/.build/android-armeabi-v7a/CMakeFiles/CMakeTmp -ferror-limit 19 -fmessage-length 0 -fobjc-runtime=gcc -fexceptions -fdiagnostics-show-option -mnoexecstack -o CMakeFiles/cmTC_4a32e.dir/CMakeCCompilerABI.c.o -x c /Users/unkonow/Scade/.metadata/.plugins/com.scade.sdk.toolchain.latest/Toolchain/thirdparty/CMake.app/Contents/share/cmake-3.15/Modules/CMakeCCompilerABI.c -faddrsig]
  ignore line: [clang -cc1 version 8.0.2 based upon LLVM 8.0.2svn default target x86_64-apple-darwin19.6.0]
  ignore line: [ignoring nonexistent directory "/Users/unkonow/Library/Android/sdk/ndk/android-ndk-r19c/platforms/android-21/arch-arm/usr/local/include"]
  ignore line: [ignoring nonexistent directory "/Users/unkonow/Library/Android/sdk/ndk/android-ndk-r19c/platforms/android-21/arch-arm/include"]
  ignore line: [ignoring nonexistent directory "/Users/unkonow/Library/Android/sdk/ndk/android-ndk-r19c/platforms/android-21/arch-arm/usr/include"]
  ignore line: [#include "..." search starts here:]
  ignore line: [#include <...> search starts here:]
  ignore line: [ /Users/unkonow/Library/Android/sdk/ndk/android-ndk-r19c/toolchains/llvm/prebuilt/darwin-x86_64/lib64/clang/8.0.2/include]
  ignore line: [End of search list.]
  ignore line: [Linking C executable cmTC_4a32e]
  ignore line: [/Users/unkonow/Scade/.metadata/.plugins/com.scade.sdk.toolchain.latest/Toolchain/thirdparty/CMake.app/Contents/bin/cmake -E cmake_link_script CMakeFiles/cmTC_4a32e.dir/link.txt --verbose=1]
  ignore line: [/Users/unkonow/Library/Android/sdk/ndk/android-ndk-r19c/toolchains/llvm/prebuilt/darwin-x86_64/bin/clang -fexceptions -gcc-toolchain /Users/unkonow/Library/Android/sdk/ndk/android-ndk-r19c/toolchains/arm-linux-androideabi-4.9/prebuilt/darwin-x86_64 -target armv7-none-linux-androideabi -Qunused-arguments --sysroot=/Users/unkonow/Library/Android/sdk/ndk/android-ndk-r19c/platforms/android-21/arch-arm -funwind-tables -fsigned-char -no-canonical-prefixes -nostdlib++ -march=armv7-a -mfloat-abi=softfp -mfpu=vfpv3-d16 -Xclang -mnoexecstack     -v CMakeFiles/cmTC_4a32e.dir/CMakeCCompilerABI.c.o  -o cmTC_4a32e ]
  ignore line: [Android (5058415 based on r339409) clang version 8.0.2 (https://android.googlesource.com/toolchain/clang 40173bab62ec746213857d083c0e8b0abb568790) (https://android.googlesource.com/toolchain/llvm 7a6618d69e7e8111e1d49dc9e7813767c5ca756a) (based on LLVM 8.0.2svn)]
  ignore line: [Target: armv7-none-linux-android]
  ignore line: [Thread model: posix]
  ignore line: [InstalledDir: /Users/unkonow/Library/Android/sdk/ndk/android-ndk-r19c/toolchains/llvm/prebuilt/darwin-x86_64/bin]
  ignore line: [Found candidate GCC installation: /Users/unkonow/Library/Android/sdk/ndk/android-ndk-r19c/toolchains/arm-linux-androideabi-4.9/prebuilt/darwin-x86_64/lib/gcc/arm-linux-androideabi/4.9.x]
  ignore line: [Selected GCC installation: /Users/unkonow/Library/Android/sdk/ndk/android-ndk-r19c/toolchains/arm-linux-androideabi-4.9/prebuilt/darwin-x86_64/lib/gcc/arm-linux-androideabi/4.9.x]
  ignore line: [Candidate multilib: thumb]
  ignore line: [@mthumb]
  ignore line: [Candidate multilib: armv7-a]
  ignore line: [@march=armv7-a]
  ignore line: [Candidate multilib: armv7-a/thumb]
  ignore line: [@march=armv7-a@mthumb]
  ignore line: [Candidate multilib: .]
  ignore line: []
  ignore line: [Selected multilib: armv7-a]
  ignore line: [@march=armv7-a]
  link line: [ "/Users/unkonow/Library/Android/sdk/ndk/android-ndk-r19c/toolchains/arm-linux-androideabi-4.9/prebuilt/darwin-x86_64/lib/gcc/arm-linux-androideabi/4.9.x/../../../../arm-linux-androideabi/bin/ld" --sysroot=/Users/unkonow/Library/Android/sdk/ndk/android-ndk-r19c/platforms/android-21/arch-arm -X --enable-new-dtags --eh-frame-hdr -m armelf_linux_eabi -dynamic-linker /system/bin/linker -o cmTC_4a32e /Users/unkonow/Library/Android/sdk/ndk/android-ndk-r19c/platforms/android-21/arch-arm/usr/lib/../lib/crtbegin_dynamic.o -L/Users/unkonow/Library/Android/sdk/ndk/android-ndk-r19c/toolchains/llvm/prebuilt/darwin-x86_64/lib64/clang/8.0.2/lib/linux/arm -L/Users/unkonow/Library/Android/sdk/ndk/android-ndk-r19c/toolchains/arm-linux-androideabi-4.9/prebuilt/darwin-x86_64/lib/gcc/arm-linux-androideabi/4.9.x/armv7-a -L/Users/unkonow/Library/Android/sdk/ndk/android-ndk-r19c/toolchains/arm-linux-androideabi-4.9/prebuilt/darwin-x86_64/lib/gcc/arm-linux-androideabi/4.9.x/../../../../arm-linux-androideabi/lib/../lib/armv7-a -L/Users/unkonow/Library/Android/sdk/ndk/android-ndk-r19c/platforms/android-21/arch-arm/usr/lib/../lib -L/Users/unkonow/Library/Android/sdk/ndk/android-ndk-r19c/toolchains/arm-linux-androideabi-4.9/prebuilt/darwin-x86_64/lib/gcc/arm-linux-androideabi/4.9.x/../../../../arm-linux-androideabi/lib/armv7-a -L/Users/unkonow/Library/Android/sdk/ndk/android-ndk-r19c/platforms/android-21/arch-arm/usr/lib CMakeFiles/cmTC_4a32e.dir/CMakeCCompilerABI.c.o -lgcc -ldl -lc -lgcc -ldl /Users/unkonow/Library/Android/sdk/ndk/android-ndk-r19c/platforms/android-21/arch-arm/usr/lib/../lib/crtend_android.o]
    arg [/Users/unkonow/Library/Android/sdk/ndk/android-ndk-r19c/toolchains/arm-linux-androideabi-4.9/prebuilt/darwin-x86_64/lib/gcc/arm-linux-androideabi/4.9.x/../../../../arm-linux-androideabi/bin/ld] ==> ignore
    arg [--sysroot=/Users/unkonow/Library/Android/sdk/ndk/android-ndk-r19c/platforms/android-21/arch-arm] ==> ignore
    arg [-X] ==> ignore
    arg [--enable-new-dtags] ==> ignore
    arg [--eh-frame-hdr] ==> ignore
    arg [-m] ==> ignore
    arg [armelf_linux_eabi] ==> ignore
    arg [-dynamic-linker] ==> ignore
    arg [/system/bin/linker] ==> ignore
    arg [-o] ==> ignore
    arg [cmTC_4a32e] ==> ignore
    arg [/Users/unkonow/Library/Android/sdk/ndk/android-ndk-r19c/platforms/android-21/arch-arm/usr/lib/../lib/crtbegin_dynamic.o] ==> ignore
    arg [-L/Users/unkonow/Library/Android/sdk/ndk/android-ndk-r19c/toolchains/llvm/prebuilt/darwin-x86_64/lib64/clang/8.0.2/lib/linux/arm] ==> dir [/Users/unkonow/Library/Android/sdk/ndk/android-ndk-r19c/toolchains/llvm/prebuilt/darwin-x86_64/lib64/clang/8.0.2/lib/linux/arm]
    arg [-L/Users/unkonow/Library/Android/sdk/ndk/android-ndk-r19c/toolchains/arm-linux-androideabi-4.9/prebuilt/darwin-x86_64/lib/gcc/arm-linux-androideabi/4.9.x/armv7-a] ==> dir [/Users/unkonow/Library/Android/sdk/ndk/android-ndk-r19c/toolchains/arm-linux-androideabi-4.9/prebuilt/darwin-x86_64/lib/gcc/arm-linux-androideabi/4.9.x/armv7-a]
    arg [-L/Users/unkonow/Library/Android/sdk/ndk/android-ndk-r19c/toolchains/arm-linux-androideabi-4.9/prebuilt/darwin-x86_64/lib/gcc/arm-linux-androideabi/4.9.x/../../../../arm-linux-androideabi/lib/../lib/armv7-a] ==> dir [/Users/unkonow/Library/Android/sdk/ndk/android-ndk-r19c/toolchains/arm-linux-androideabi-4.9/prebuilt/darwin-x86_64/lib/gcc/arm-linux-androideabi/4.9.x/../../../../arm-linux-androideabi/lib/../lib/armv7-a]
    arg [-L/Users/unkonow/Library/Android/sdk/ndk/android-ndk-r19c/platforms/android-21/arch-arm/usr/lib/../lib] ==> dir [/Users/unkonow/Library/Android/sdk/ndk/android-ndk-r19c/platforms/android-21/arch-arm/usr/lib/../lib]
    arg [-L/Users/unkonow/Library/Android/sdk/ndk/android-ndk-r19c/toolchains/arm-linux-androideabi-4.9/prebuilt/darwin-x86_64/lib/gcc/arm-linux-androideabi/4.9.x/../../../../arm-linux-androideabi/lib/armv7-a] ==> dir [/Users/unkonow/Library/Android/sdk/ndk/android-ndk-r19c/toolchains/arm-linux-androideabi-4.9/prebuilt/darwin-x86_64/lib/gcc/arm-linux-androideabi/4.9.x/../../../../arm-linux-androideabi/lib/armv7-a]
    arg [-L/Users/unkonow/Library/Android/sdk/ndk/android-ndk-r19c/platforms/android-21/arch-arm/usr/lib] ==> dir [/Users/unkonow/Library/Android/sdk/ndk/android-ndk-r19c/platforms/android-21/arch-arm/usr/lib]
    arg [CMakeFiles/cmTC_4a32e.dir/CMakeCCompilerABI.c.o] ==> ignore
    arg [-lgcc] ==> lib [gcc]
    arg [-ldl] ==> lib [dl]
    arg [-lc] ==> lib [c]
    arg [-lgcc] ==> lib [gcc]
    arg [-ldl] ==> lib [dl]
    arg [/Users/unkonow/Library/Android/sdk/ndk/android-ndk-r19c/platforms/android-21/arch-arm/usr/lib/../lib/crtend_android.o] ==> ignore
  collapse library dir [/Users/unkonow/Library/Android/sdk/ndk/android-ndk-r19c/toolchains/llvm/prebuilt/darwin-x86_64/lib64/clang/8.0.2/lib/linux/arm] ==> [/Users/unkonow/Library/Android/sdk/ndk/android-ndk-r19c/toolchains/llvm/prebuilt/darwin-x86_64/lib64/clang/8.0.2/lib/linux/arm]
  collapse library dir [/Users/unkonow/Library/Android/sdk/ndk/android-ndk-r19c/toolchains/arm-linux-androideabi-4.9/prebuilt/darwin-x86_64/lib/gcc/arm-linux-androideabi/4.9.x/armv7-a] ==> [/Users/unkonow/Library/Android/sdk/ndk/android-ndk-r19c/toolchains/arm-linux-androideabi-4.9/prebuilt/darwin-x86_64/lib/gcc/arm-linux-androideabi/4.9.x/armv7-a]
  collapse library dir [/Users/unkonow/Library/Android/sdk/ndk/android-ndk-r19c/toolchains/arm-linux-androideabi-4.9/prebuilt/darwin-x86_64/lib/gcc/arm-linux-androideabi/4.9.x/../../../../arm-linux-androideabi/lib/../lib/armv7-a] ==> [/Users/unkonow/Library/Android/sdk/ndk/android-ndk-r19c/toolchains/arm-linux-androideabi-4.9/prebuilt/darwin-x86_64/arm-linux-androideabi/lib/armv7-a]
  collapse library dir [/Users/unkonow/Library/Android/sdk/ndk/android-ndk-r19c/platforms/android-21/arch-arm/usr/lib/../lib] ==> [/Users/unkonow/Library/Android/sdk/ndk/android-ndk-r19c/platforms/android-21/arch-arm/usr/lib]
  collapse library dir [/Users/unkonow/Library/Android/sdk/ndk/android-ndk-r19c/toolchains/arm-linux-androideabi-4.9/prebuilt/darwin-x86_64/lib/gcc/arm-linux-androideabi/4.9.x/../../../../arm-linux-androideabi/lib/armv7-a] ==> [/Users/unkonow/Library/Android/sdk/ndk/android-ndk-r19c/toolchains/arm-linux-androideabi-4.9/prebuilt/darwin-x86_64/arm-linux-androideabi/lib/armv7-a]
  collapse library dir [/Users/unkonow/Library/Android/sdk/ndk/android-ndk-r19c/platforms/android-21/arch-arm/usr/lib] ==> [/Users/unkonow/Library/Android/sdk/ndk/android-ndk-r19c/platforms/android-21/arch-arm/usr/lib]
  implicit libs: [gcc;dl;c;gcc;dl]
  implicit dirs: [/Users/unkonow/Library/Android/sdk/ndk/android-ndk-r19c/toolchains/llvm/prebuilt/darwin-x86_64/lib64/clang/8.0.2/lib/linux/arm;/Users/unkonow/Library/Android/sdk/ndk/android-ndk-r19c/toolchains/arm-linux-androideabi-4.9/prebuilt/darwin-x86_64/lib/gcc/arm-linux-androideabi/4.9.x/armv7-a;/Users/unkonow/Library/Android/sdk/ndk/android-ndk-r19c/toolchains/arm-linux-androideabi-4.9/prebuilt/darwin-x86_64/arm-linux-androideabi/lib/armv7-a;/Users/unkonow/Library/Android/sdk/ndk/android-ndk-r19c/platforms/android-21/arch-arm/usr/lib]
  implicit fwks: []


Determining if the CXX compiler works passed with the following output:
Change Dir: /Users/unkonow/Scade/testtttt/.build/android-armeabi-v7a/CMakeFiles/CMakeTmp

Run Build Command(s):make cmTC_bf8e1/fast && /Applications/Xcode.app/Contents/Developer/usr/bin/make -f CMakeFiles/cmTC_bf8e1.dir/build.make CMakeFiles/cmTC_bf8e1.dir/build
Building CXX object CMakeFiles/cmTC_bf8e1.dir/testCXXCompiler.cxx.o
/Users/unkonow/Library/Android/sdk/ndk/android-ndk-r19c/toolchains/llvm/prebuilt/darwin-x86_64/bin/clang++    -fexceptions -frtti -gcc-toolchain /Users/unkonow/Library/Android/sdk/ndk/android-ndk-r19c/toolchains/arm-linux-androideabi-4.9/prebuilt/darwin-x86_64 -target armv7-none-linux-androideabi -Qunused-arguments --sysroot=/Users/unkonow/Library/Android/sdk/ndk/android-ndk-r19c/platforms/android-21/arch-arm -funwind-tables -fsigned-char -no-canonical-prefixes -nostdlib++ -march=armv7-a -mfloat-abi=softfp -mfpu=vfpv3-d16 -Xclang -mnoexecstack  -I/Users/unkonow/Library/Android/sdk/ndk/android-ndk-r19c/sources/cxx-stl/llvm-libc++/include -I/Users/unkonow/Library/Android/sdk/ndk/android-ndk-r19c/sources/cxx-stl/llvm-libc++abi/include  -fPIE   -o CMakeFiles/cmTC_bf8e1.dir/testCXXCompiler.cxx.o -c /Users/unkonow/Scade/testtttt/.build/android-armeabi-v7a/CMakeFiles/CMakeTmp/testCXXCompiler.cxx
Linking CXX executable cmTC_bf8e1
/Users/unkonow/Scade/.metadata/.plugins/com.scade.sdk.toolchain.latest/Toolchain/thirdparty/CMake.app/Contents/bin/cmake -E cmake_link_script CMakeFiles/cmTC_bf8e1.dir/link.txt --verbose=1
/Users/unkonow/Library/Android/sdk/ndk/android-ndk-r19c/toolchains/llvm/prebuilt/darwin-x86_64/bin/clang++  -fexceptions -frtti -gcc-toolchain /Users/unkonow/Library/Android/sdk/ndk/android-ndk-r19c/toolchains/arm-linux-androideabi-4.9/prebuilt/darwin-x86_64 -target armv7-none-linux-androideabi -Qunused-arguments --sysroot=/Users/unkonow/Library/Android/sdk/ndk/android-ndk-r19c/platforms/android-21/arch-arm -funwind-tables -fsigned-char -no-canonical-prefixes -nostdlib++ -march=armv7-a -mfloat-abi=softfp -mfpu=vfpv3-d16 -Xclang -mnoexecstack  -I/Users/unkonow/Library/Android/sdk/ndk/android-ndk-r19c/sources/cxx-stl/llvm-libc++/include -I/Users/unkonow/Library/Android/sdk/ndk/android-ndk-r19c/sources/cxx-stl/llvm-libc++abi/include     CMakeFiles/cmTC_bf8e1.dir/testCXXCompiler.cxx.o  -o cmTC_bf8e1 



