Compiling the C compiler identification source file "CMakeCCompilerId.c" failed.
Compiler: /Users/unkonow/Library/Android/sdk/ndk/android-ndk-r19c/toolchains/llvm/prebuilt/darwin-x86_64/bin/clang 
Build flags: -fexceptions;-gcc-toolchain;/Users/unkonow/Library/Android/sdk/ndk/android-ndk-r19c/toolchains/arm-linux-androideabi-4.9/prebuilt/darwin-x86_64;-target;armv7-none-linux-androideabi;-Qunused-arguments;--sysroot=/Users/unkonow/Library/Android/sdk/ndk/android-ndk-r19c/platforms/android-21/arch-arm;-funwind-tables;-fsigned-char;-no-canonical-prefixes;-nostdlib++;-march=armv7-a;-mfloat-abi=softfp;-mfpu=vfpv3-d16;-Xclang;-mnoexecstack;
Id flags:  

The output was:
Child killed


Compiling the C compiler identification source file "CMakeCCompilerId.c" failed.
Compiler: /Users/unkonow/Library/Android/sdk/ndk/android-ndk-r19c/toolchains/llvm/prebuilt/darwin-x86_64/bin/clang 
Build flags: -fexceptions;-gcc-toolchain;/Users/unkonow/Library/Android/sdk/ndk/android-ndk-r19c/toolchains/arm-linux-androideabi-4.9/prebuilt/darwin-x86_64;-target;armv7-none-linux-androideabi;-Qunused-arguments;--sysroot=/Users/unkonow/Library/Android/sdk/ndk/android-ndk-r19c/platforms/android-21/arch-arm;-funwind-tables;-fsigned-char;-no-canonical-prefixes;-nostdlib++;-march=armv7-a;-mfloat-abi=softfp;-mfpu=vfpv3-d16;-Xclang;-mnoexecstack;
Id flags: -c 

The output was:
Child killed


Compiling the C compiler identification source file "CMakeCCompilerId.c" failed.
Compiler: /Users/unkonow/Library/Android/sdk/ndk/android-ndk-r19c/toolchains/llvm/prebuilt/darwin-x86_64/bin/clang 
Build flags: -fexceptions;-gcc-toolchain;/Users/unkonow/Library/Android/sdk/ndk/android-ndk-r19c/toolchains/arm-linux-androideabi-4.9/prebuilt/darwin-x86_64;-target;armv7-none-linux-androideabi;-Qunused-arguments;--sysroot=/Users/unkonow/Library/Android/sdk/ndk/android-ndk-r19c/platforms/android-21/arch-arm;-funwind-tables;-fsigned-char;-no-canonical-prefixes;-nostdlib++;-march=armv7-a;-mfloat-abi=softfp;-mfpu=vfpv3-d16;-Xclang;-mnoexecstack;
Id flags: -Aa 

The output was:
Child killed


Compiling the C compiler identification source file "CMakeCCompilerId.c" failed.
Compiler: /Users/unkonow/Library/Android/sdk/ndk/android-ndk-r19c/toolchains/llvm/prebuilt/darwin-x86_64/bin/clang 
Build flags: -fexceptions;-gcc-toolchain;/Users/unkonow/Library/Android/sdk/ndk/android-ndk-r19c/toolchains/arm-linux-androideabi-4.9/prebuilt/darwin-x86_64;-target;armv7-none-linux-androideabi;-Qunused-arguments;--sysroot=/Users/unkonow/Library/Android/sdk/ndk/android-ndk-r19c/platforms/android-21/arch-arm;-funwind-tables;-fsigned-char;-no-canonical-prefixes;-nostdlib++;-march=armv7-a;-mfloat-abi=softfp;-mfpu=vfpv3-d16;-Xclang;-mnoexecstack;
Id flags: -D__CLASSIC_C__ 

The output was:
Child killed


Compiling the C compiler identification source file "CMakeCCompilerId.c" failed.
Compiler: /Users/unkonow/Library/Android/sdk/ndk/android-ndk-r19c/toolchains/llvm/prebuilt/darwin-x86_64/bin/clang 
Build flags: -fexceptions;-gcc-toolchain;/Users/unkonow/Library/Android/sdk/ndk/android-ndk-r19c/toolchains/arm-linux-androideabi-4.9/prebuilt/darwin-x86_64;-target;armv7-none-linux-androideabi;-Qunused-arguments;--sysroot=/Users/unkonow/Library/Android/sdk/ndk/android-ndk-r19c/platforms/android-21/arch-arm;-funwind-tables;-fsigned-char;-no-canonical-prefixes;-nostdlib++;-march=armv7-a;-mfloat-abi=softfp;-mfpu=vfpv3-d16;-Xclang;-mnoexecstack;
Id flags: --target=arm-arm-none-eabi;-mcpu=cortex-m3 

The output was:
1
clang: error: no such file or directory: 'CMakeCCompilerId.c'
clang: error: no input files


Compiling the C compiler identification source file "CMakeCCompilerId.c" failed.
Compiler: /Users/unkonow/Library/Android/sdk/ndk/android-ndk-r19c/toolchains/llvm/prebuilt/darwin-x86_64/bin/clang 
Build flags: -fexceptions;-gcc-toolchain;/Users/unkonow/Library/Android/sdk/ndk/android-ndk-r19c/toolchains/arm-linux-androideabi-4.9/prebuilt/darwin-x86_64;-target;armv7-none-linux-androideabi;-Qunused-arguments;--sysroot=/Users/unkonow/Library/Android/sdk/ndk/android-ndk-r19c/platforms/android-21/arch-arm;-funwind-tables;-fsigned-char;-no-canonical-prefixes;-nostdlib++;-march=armv7-a;-mfloat-abi=softfp;-mfpu=vfpv3-d16;-Xclang;-mnoexecstack;
Id flags:  

The output was:
1
error: error reading 'CMakeCCompilerId.c'
1 error generated.


Compiling the CXX compiler identification source file "CMakeCXXCompilerId.cpp" failed.
Compiler: /Users/unkonow/Library/Android/sdk/ndk/android-ndk-r19c/toolchains/llvm/prebuilt/darwin-x86_64/bin/clang++ 
Build flags: -fexceptions;-frtti;-gcc-toolchain;/Users/unkonow/Library/Android/sdk/ndk/android-ndk-r19c/toolchains/arm-linux-androideabi-4.9/prebuilt/darwin-x86_64;-target;armv7-none-linux-androideabi;-Qunused-arguments;--sysroot=/Users/unkonow/Library/Android/sdk/ndk/android-ndk-r19c/platforms/android-21/arch-arm;-funwind-tables;-fsigned-char;-no-canonical-prefixes;-nostdlib++;-march=armv7-a;-mfloat-abi=softfp;-mfpu=vfpv3-d16;-Xclang;-mnoexecstack;;-I/Users/unkonow/Library/Android/sdk/ndk/android-ndk-r19c/sources/cxx-stl/llvm-libc++/include;-I/Users/unkonow/Library/Android/sdk/ndk/android-ndk-r19c/sources/cxx-stl/llvm-libc++abi/include
Id flags:  

The output was:
Child killed


Compiling the CXX compiler identification source file "CMakeCXXCompilerId.cpp" failed.
Compiler: /Users/unkonow/Library/Android/sdk/ndk/android-ndk-r19c/toolchains/llvm/prebuilt/darwin-x86_64/bin/clang++ 
Build flags: -fexceptions;-frtti;-gcc-toolchain;/Users/unkonow/Library/Android/sdk/ndk/android-ndk-r19c/toolchains/arm-linux-androideabi-4.9/prebuilt/darwin-x86_64;-target;armv7-none-linux-androideabi;-Qunused-arguments;--sysroot=/Users/unkonow/Library/Android/sdk/ndk/android-ndk-r19c/platforms/android-21/arch-arm;-funwind-tables;-fsigned-char;-no-canonical-prefixes;-nostdlib++;-march=armv7-a;-mfloat-abi=softfp;-mfpu=vfpv3-d16;-Xclang;-mnoexecstack;;-I/Users/unkonow/Library/Android/sdk/ndk/android-ndk-r19c/sources/cxx-stl/llvm-libc++/include;-I/Users/unkonow/Library/Android/sdk/ndk/android-ndk-r19c/sources/cxx-stl/llvm-libc++abi/include
Id flags: -c 

The output was:
Child killed


Compiling the CXX compiler identification source file "CMakeCXXCompilerId.cpp" failed.
Compiler: /Users/unkonow/Library/Android/sdk/ndk/android-ndk-r19c/toolchains/llvm/prebuilt/darwin-x86_64/bin/clang++ 
Build flags: -fexceptions;-frtti;-gcc-toolchain;/Users/unkonow/Library/Android/sdk/ndk/android-ndk-r19c/toolchains/arm-linux-androideabi-4.9/prebuilt/darwin-x86_64;-target;armv7-none-linux-androideabi;-Qunused-arguments;--sysroot=/Users/unkonow/Library/Android/sdk/ndk/android-ndk-r19c/platforms/android-21/arch-arm;-funwind-tables;-fsigned-char;-no-canonical-prefixes;-nostdlib++;-march=armv7-a;-mfloat-abi=softfp;-mfpu=vfpv3-d16;-Xclang;-mnoexecstack;;-I/Users/unkonow/Library/Android/sdk/ndk/android-ndk-r19c/sources/cxx-stl/llvm-libc++/include;-I/Users/unkonow/Library/Android/sdk/ndk/android-ndk-r19c/sources/cxx-stl/llvm-libc++abi/include
Id flags:  

The output was:
Child killed


Compiling the CXX compiler identification source file "CMakeCXXCompilerId.cpp" failed.
Compiler: /Users/unkonow/Library/Android/sdk/ndk/android-ndk-r19c/toolchains/llvm/prebuilt/darwin-x86_64/bin/clang++ 
Build flags: -fexceptions;-frtti;-gcc-toolchain;/Users/unkonow/Library/Android/sdk/ndk/android-ndk-r19c/toolchains/arm-linux-androideabi-4.9/prebuilt/darwin-x86_64;-target;armv7-none-linux-androideabi;-Qunused-arguments;--sysroot=/Users/unkonow/Library/Android/sdk/ndk/android-ndk-r19c/platforms/android-21/arch-arm;-funwind-tables;-fsigned-char;-no-canonical-prefixes;-nostdlib++;-march=armv7-a;-mfloat-abi=softfp;-mfpu=vfpv3-d16;-Xclang;-mnoexecstack;;-I/Users/unkonow/Library/Android/sdk/ndk/android-ndk-r19c/sources/cxx-stl/llvm-libc++/include;-I/Users/unkonow/Library/Android/sdk/ndk/android-ndk-r19c/sources/cxx-stl/llvm-libc++abi/include
Id flags: --c++ 

The output was:
1
clang++: error: unsupported option '--c++'


Compiling the CXX compiler identification source file "CMakeCXXCompilerId.cpp" failed.
Compiler: /Users/unkonow/Library/Android/sdk/ndk/android-ndk-r19c/toolchains/llvm/prebuilt/darwin-x86_64/bin/clang++ 
Build flags: -fexceptions;-frtti;-gcc-toolchain;/Users/unkonow/Library/Android/sdk/ndk/android-ndk-r19c/toolchains/arm-linux-androideabi-4.9/prebuilt/darwin-x86_64;-target;armv7-none-linux-androideabi;-Qunused-arguments;--sysroot=/Users/unkonow/Library/Android/sdk/ndk/android-ndk-r19c/platforms/android-21/arch-arm;-funwind-tables;-fsigned-char;-no-canonical-prefixes;-nostdlib++;-march=armv7-a;-mfloat-abi=softfp;-mfpu=vfpv3-d16;-Xclang;-mnoexecstack;;-I/Users/unkonow/Library/Android/sdk/ndk/android-ndk-r19c/sources/cxx-stl/llvm-libc++/include;-I/Users/unkonow/Library/Android/sdk/ndk/android-ndk-r19c/sources/cxx-stl/llvm-libc++abi/include
Id flags: -c 

The output was:
1
error: error reading 'CMakeCXXCompilerId.cpp'
1 error generated.


Compiling the CXX compiler identification source file "CMakeCXXCompilerId.cpp" failed.
Compiler: /Users/unkonow/Library/Android/sdk/ndk/android-ndk-r19c/toolchains/llvm/prebuilt/darwin-x86_64/bin/clang++ 
Build flags: -fexceptions;-frtti;-gcc-toolchain;/Users/unkonow/Library/Android/sdk/ndk/android-ndk-r19c/toolchains/arm-linux-androideabi-4.9/prebuilt/darwin-x86_64;-target;armv7-none-linux-androideabi;-Qunused-arguments;--sysroot=/Users/unkonow/Library/Android/sdk/ndk/android-ndk-r19c/platforms/android-21/arch-arm;-funwind-tables;-fsigned-char;-no-canonical-prefixes;-nostdlib++;-march=armv7-a;-mfloat-abi=softfp;-mfpu=vfpv3-d16;-Xclang;-mnoexecstack;;-I/Users/unkonow/Library/Android/sdk/ndk/android-ndk-r19c/sources/cxx-stl/llvm-libc++/include;-I/Users/unkonow/Library/Android/sdk/ndk/android-ndk-r19c/sources/cxx-stl/llvm-libc++abi/include
Id flags: --ec++ 

The output was:
1
clang++: error: unsupported option '--ec++'


Compiling the CXX compiler identification source file "CMakeCXXCompilerId.cpp" failed.
Compiler: /Users/unkonow/Library/Android/sdk/ndk/android-ndk-r19c/toolchains/llvm/prebuilt/darwin-x86_64/bin/clang++ 
Build flags: -fexceptions;-frtti;-gcc-toolchain;/Users/unkonow/Library/Android/sdk/ndk/android-ndk-r19c/toolchains/arm-linux-androideabi-4.9/prebuilt/darwin-x86_64;-target;armv7-none-linux-androideabi;-Qunused-arguments;--sysroot=/Users/unkonow/Library/Android/sdk/ndk/android-ndk-r19c/platforms/android-21/arch-arm;-funwind-tables;-fsigned-char;-no-canonical-prefixes;-nostdlib++;-march=armv7-a;-mfloat-abi=softfp;-mfpu=vfpv3-d16;-Xclang;-mnoexecstack;;-I/Users/unkonow/Library/Android/sdk/ndk/android-ndk-r19c/sources/cxx-stl/llvm-libc++/include;-I/Users/unkonow/Library/Android/sdk/ndk/android-ndk-r19c/sources/cxx-stl/llvm-libc++abi/include
Id flags: --c++ 

The output was:
1
clang++: error: unsupported option '--c++'
clang++: error: no such file or directory: 'CMakeCXXCompilerId.cpp'
clang++: error: no input files


Compiling the CXX compiler identification source file "CMakeCXXCompilerId.cpp" failed.
Compiler: /Users/unkonow/Library/Android/sdk/ndk/android-ndk-r19c/toolchains/llvm/prebuilt/darwin-x86_64/bin/clang++ 
Build flags: -fexceptions;-frtti;-gcc-toolchain;/Users/unkonow/Library/Android/sdk/ndk/android-ndk-r19c/toolchains/arm-linux-androideabi-4.9/prebuilt/darwin-x86_64;-target;armv7-none-linux-androideabi;-Qunused-arguments;--sysroot=/Users/unkonow/Library/Android/sdk/ndk/android-ndk-r19c/platforms/android-21/arch-arm;-funwind-tables;-fsigned-char;-no-canonical-prefixes;-nostdlib++;-march=armv7-a;-mfloat-abi=softfp;-mfpu=vfpv3-d16;-Xclang;-mnoexecstack;;-I/Users/unkonow/Library/Android/sdk/ndk/android-ndk-r19c/sources/cxx-stl/llvm-libc++/include;-I/Users/unkonow/Library/Android/sdk/ndk/android-ndk-r19c/sources/cxx-stl/llvm-libc++abi/include
Id flags: --ec++ 

The output was:
1
clang++: error: unsupported option '--ec++'


Compiling the CXX compiler identification source file "CMakeCXXCompilerId.cpp" failed.
Compiler: /Users/unkonow/Library/Android/sdk/ndk/android-ndk-r19c/toolchains/llvm/prebuilt/darwin-x86_64/bin/clang++ 
Build flags: -fexceptions;-frtti;-gcc-toolchain;/Users/unkonow/Library/Android/sdk/ndk/android-ndk-r19c/toolchains/arm-linux-androideabi-4.9/prebuilt/darwin-x86_64;-target;armv7-none-linux-androideabi;-Qunused-arguments;--sysroot=/Users/unkonow/Library/Android/sdk/ndk/android-ndk-r19c/platforms/android-21/arch-arm;-funwind-tables;-fsigned-char;-no-canonical-prefixes;-nostdlib++;-march=armv7-a;-mfloat-abi=softfp;-mfpu=vfpv3-d16;-Xclang;-mnoexecstack;;-I/Users/unkonow/Library/Android/sdk/ndk/android-ndk-r19c/sources/cxx-stl/llvm-libc++/include;-I/Users/unkonow/Library/Android/sdk/ndk/android-ndk-r19c/sources/cxx-stl/llvm-libc++abi/include
Id flags: --target=arm-arm-none-eabi;-mcpu=cortex-m3 

The output was:
1
error: error reading 'CMakeCXXCompilerId.cpp'
1 error generated.


Compiling the CXX compiler identification source file "CMakeCXXCompilerId.cpp" failed.
Compiler: /Users/unkonow/Library/Android/sdk/ndk/android-ndk-r19c/toolchains/llvm/prebuilt/darwin-x86_64/bin/clang++ 
Build flags: -fexceptions;-frtti;-gcc-toolchain;/Users/unkonow/Library/Android/sdk/ndk/android-ndk-r19c/toolchains/arm-linux-androideabi-4.9/prebuilt/darwin-x86_64;-target;armv7-none-linux-androideabi;-Qunused-arguments;--sysroot=/Users/unkonow/Library/Android/sdk/ndk/android-ndk-r19c/platforms/android-21/arch-arm;-funwind-tables;-fsigned-char;-no-canonical-prefixes;-nostdlib++;-march=armv7-a;-mfloat-abi=softfp;-mfpu=vfpv3-d16;-Xclang;-mnoexecstack;;-I/Users/unkonow/Library/Android/sdk/ndk/android-ndk-r19c/sources/cxx-stl/llvm-libc++/include;-I/Users/unkonow/Library/Android/sdk/ndk/android-ndk-r19c/sources/cxx-stl/llvm-libc++abi/include
Id flags: --target=arm-arm-none-eabi;-mcpu=cortex-m3 

The output was:
254
clang++: error: unable to execute command: Killed: 9
clang++: error: ld.lld command failed due to signal (use -v to see invocation)


